2014-01-08 00:09:52,923 [main] ERROR  partnerIntg.App - UUID for the Job is : 5356149351183826994
2014-01-08 00:09:53,927 [main] ERROR  partnerIntg.App - Error in XML validation
org.xml.sax.SAXParseException: cvc-datatype-valid.1.2.1: '' is not a valid value for 'decimal'.
	at com.sun.org.apache.xerces.internal.util.ErrorHandlerWrapper.createSAXParseException(ErrorHandlerWrapper.java:198) ~[na:1.7.0_40]
	at com.sun.org.apache.xerces.internal.util.ErrorHandlerWrapper.error(ErrorHandlerWrapper.java:134) ~[na:1.7.0_40]
	at com.sun.org.apache.xerces.internal.impl.XMLErrorReporter.reportError(XMLErrorReporter.java:437) ~[na:1.7.0_40]
	at com.sun.org.apache.xerces.internal.impl.XMLErrorReporter.reportError(XMLErrorReporter.java:368) ~[na:1.7.0_40]
	at com.sun.org.apache.xerces.internal.impl.XMLErrorReporter.reportError(XMLErrorReporter.java:325) ~[na:1.7.0_40]
	at com.sun.org.apache.xerces.internal.impl.xs.XMLSchemaValidator$XSIErrorReporter.reportError(XMLSchemaValidator.java:458) ~[na:1.7.0_40]
	at com.sun.org.apache.xerces.internal.impl.xs.XMLSchemaValidator.reportSchemaError(XMLSchemaValidator.java:3237) ~[na:1.7.0_40]
	at com.sun.org.apache.xerces.internal.impl.xs.XMLSchemaValidator.elementLocallyValidType(XMLSchemaValidator.java:3152) ~[na:1.7.0_40]
	at com.sun.org.apache.xerces.internal.impl.xs.XMLSchemaValidator.processElementContent(XMLSchemaValidator.java:3062) ~[na:1.7.0_40]
	at com.sun.org.apache.xerces.internal.impl.xs.XMLSchemaValidator.handleEndElement(XMLSchemaValidator.java:2140) ~[na:1.7.0_40]
	at com.sun.org.apache.xerces.internal.impl.xs.XMLSchemaValidator.emptyElement(XMLSchemaValidator.java:775) ~[na:1.7.0_40]
	at com.sun.org.apache.xerces.internal.impl.XMLNSDocumentScannerImpl.scanStartElement(XMLNSDocumentScannerImpl.java:353) ~[na:1.7.0_40]
	at com.sun.org.apache.xerces.internal.impl.XMLDocumentFragmentScannerImpl$FragmentContentDriver.next(XMLDocumentFragmentScannerImpl.java:2768) ~[na:1.7.0_40]
	at com.sun.org.apache.xerces.internal.impl.XMLDocumentScannerImpl.next(XMLDocumentScannerImpl.java:606) ~[na:1.7.0_40]
	at com.sun.org.apache.xerces.internal.impl.XMLNSDocumentScannerImpl.next(XMLNSDocumentScannerImpl.java:116) ~[na:1.7.0_40]
	at com.sun.org.apache.xerces.internal.impl.XMLDocumentFragmentScannerImpl.scanDocument(XMLDocumentFragmentScannerImpl.java:511) ~[na:1.7.0_40]
	at com.sun.org.apache.xerces.internal.parsers.XML11Configuration.parse(XML11Configuration.java:846) ~[na:1.7.0_40]
	at com.sun.org.apache.xerces.internal.parsers.XML11Configuration.parse(XML11Configuration.java:775) ~[na:1.7.0_40]
	at com.sun.org.apache.xerces.internal.jaxp.validation.StreamValidatorHelper.validate(StreamValidatorHelper.java:151) ~[na:1.7.0_40]
	at com.sun.org.apache.xerces.internal.jaxp.validation.ValidatorImpl.validate(ValidatorImpl.java:116) ~[na:1.7.0_40]
	at javax.xml.validation.Validator.validate(Validator.java:124) ~[na:1.7.0_40]
	at partnerIntg.App.validateAgainstXSD(App.java:52) [classes/:na]
	at partnerIntg.App.main(App.java:94) [classes/:na]
	at sun.reflect.NativeMethodAccessorImpl.invoke0(Native Method) ~[na:1.7.0_40]
	at sun.reflect.NativeMethodAccessorImpl.invoke(NativeMethodAccessorImpl.java:57) ~[na:1.7.0_40]
	at sun.reflect.DelegatingMethodAccessorImpl.invoke(DelegatingMethodAccessorImpl.java:43) ~[na:1.7.0_40]
	at java.lang.reflect.Method.invoke(Method.java:606) ~[na:1.7.0_40]
	at com.intellij.rt.execution.application.AppMain.main(AppMain.java:120) [idea_rt.jar:na]
2014-01-08 00:11:18,586 [main] ERROR  partnerIntg.App - UUID for the Job is : 8644962015277434990
2014-01-08 00:11:24,716 [main] ERROR  partnerIntg.App - Exception in main function
java.lang.NullPointerException: null
	at partnerIntg.com.good.businessObjs.PurchaseOrderCustomerDetailsImpl.convertShipToObject(PurchaseOrderCustomerDetailsImpl.java:76) ~[classes/:na]
	at partnerIntg.App.main(App.java:99) ~[classes/:na]
	at sun.reflect.NativeMethodAccessorImpl.invoke0(Native Method) ~[na:1.7.0_40]
	at sun.reflect.NativeMethodAccessorImpl.invoke(NativeMethodAccessorImpl.java:57) ~[na:1.7.0_40]
	at sun.reflect.DelegatingMethodAccessorImpl.invoke(DelegatingMethodAccessorImpl.java:43) ~[na:1.7.0_40]
	at java.lang.reflect.Method.invoke(Method.java:606) ~[na:1.7.0_40]
	at com.intellij.rt.execution.application.AppMain.main(AppMain.java:120) [idea_rt.jar:na]
2014-01-08 00:13:00,098 [main] ERROR  partnerIntg.App - UUID for the Job is : -1587797968474783721
2014-01-08 00:13:01,453 [main] ERROR  partnerIntg.App - Exception in main function
org.springframework.dao.DataIntegrityViolationException: not-null property references a null or transient value: partnerIntg.com.good.valueObjs.PurchaseOrderCustomerDetails.addressLine3; nested exception is org.hibernate.PropertyValueException: not-null property references a null or transient value: partnerIntg.com.good.valueObjs.PurchaseOrderCustomerDetails.addressLine3
	at org.springframework.orm.hibernate3.SessionFactoryUtils.convertHibernateAccessException(SessionFactoryUtils.java:645) ~[spring-2.5.6.jar:2.5.6]
	at org.springframework.orm.hibernate3.HibernateAccessor.convertHibernateAccessException(HibernateAccessor.java:412) ~[spring-2.5.6.jar:2.5.6]
	at org.springframework.orm.hibernate3.HibernateTemplate.doExecute(HibernateTemplate.java:424) ~[spring-2.5.6.jar:2.5.6]
	at org.springframework.orm.hibernate3.HibernateTemplate.executeWithNativeSession(HibernateTemplate.java:374) ~[spring-2.5.6.jar:2.5.6]
	at org.springframework.orm.hibernate3.HibernateTemplate.save(HibernateTemplate.java:694) ~[spring-2.5.6.jar:2.5.6]
	at partnerIntg.com.good.dao.PurchaseOrderCustomerDetailsDaoImpl.save(PurchaseOrderCustomerDetailsDaoImpl.java:18) ~[classes/:na]
	at partnerIntg.com.good.businessObjs.PurchaseOrderCustomerDetailsImpl.save(PurchaseOrderCustomerDetailsImpl.java:26) ~[classes/:na]
	at partnerIntg.App.main(App.java:112) ~[classes/:na]
	at sun.reflect.NativeMethodAccessorImpl.invoke0(Native Method) ~[na:1.7.0_40]
	at sun.reflect.NativeMethodAccessorImpl.invoke(NativeMethodAccessorImpl.java:57) ~[na:1.7.0_40]
	at sun.reflect.DelegatingMethodAccessorImpl.invoke(DelegatingMethodAccessorImpl.java:43) ~[na:1.7.0_40]
	at java.lang.reflect.Method.invoke(Method.java:606) ~[na:1.7.0_40]
	at com.intellij.rt.execution.application.AppMain.main(AppMain.java:120) [idea_rt.jar:na]
Caused by: org.hibernate.PropertyValueException: not-null property references a null or transient value: partnerIntg.com.good.valueObjs.PurchaseOrderCustomerDetails.addressLine3
	at org.hibernate.engine.Nullability.checkNullability(Nullability.java:72) ~[hibernate-3.2.6.ga.jar:3.2.6.ga]
	at org.hibernate.event.def.AbstractSaveEventListener.performSaveOrReplicate(AbstractSaveEventListener.java:290) ~[hibernate-3.2.6.ga.jar:3.2.6.ga]
	at org.hibernate.event.def.AbstractSaveEventListener.performSave(AbstractSaveEventListener.java:181) ~[hibernate-3.2.6.ga.jar:3.2.6.ga]
	at org.hibernate.event.def.AbstractSaveEventListener.saveWithGeneratedId(AbstractSaveEventListener.java:121) ~[hibernate-3.2.6.ga.jar:3.2.6.ga]
	at org.hibernate.event.def.DefaultSaveOrUpdateEventListener.saveWithGeneratedOrRequestedId(DefaultSaveOrUpdateEventListener.java:187) ~[hibernate-3.2.6.ga.jar:3.2.6.ga]
	at org.hibernate.event.def.DefaultSaveEventListener.saveWithGeneratedOrRequestedId(DefaultSaveEventListener.java:33) ~[hibernate-3.2.6.ga.jar:3.2.6.ga]
	at org.hibernate.event.def.DefaultSaveOrUpdateEventListener.entityIsTransient(DefaultSaveOrUpdateEventListener.java:172) ~[hibernate-3.2.6.ga.jar:3.2.6.ga]
	at org.hibernate.event.def.DefaultSaveEventListener.performSaveOrUpdate(DefaultSaveEventListener.java:27) ~[hibernate-3.2.6.ga.jar:3.2.6.ga]
	at org.hibernate.event.def.DefaultSaveOrUpdateEventListener.onSaveOrUpdate(DefaultSaveOrUpdateEventListener.java:70) ~[hibernate-3.2.6.ga.jar:3.2.6.ga]
	at org.hibernate.impl.SessionImpl.fireSave(SessionImpl.java:535) ~[hibernate-3.2.6.ga.jar:3.2.6.ga]
	at org.hibernate.impl.SessionImpl.save(SessionImpl.java:523) ~[hibernate-3.2.6.ga.jar:3.2.6.ga]
	at org.hibernate.impl.SessionImpl.save(SessionImpl.java:519) ~[hibernate-3.2.6.ga.jar:3.2.6.ga]
	at org.springframework.orm.hibernate3.HibernateTemplate$12.doInHibernate(HibernateTemplate.java:697) ~[spring-2.5.6.jar:2.5.6]
	at org.springframework.orm.hibernate3.HibernateTemplate.doExecute(HibernateTemplate.java:419) ~[spring-2.5.6.jar:2.5.6]
	... 10 common frames omitted
2014-01-08 00:14:44,932 [main] ERROR  partnerIntg.App - UUID for the Job is : -434801004227706382
