2013-12-14 11:26:09,465 [main] ERROR  partnerIntg.App - UUID for the Job is : 3219749932150441754
2013-12-14 11:26:14,768 [main] ERROR  partnerIntg.App - Exception in main function
org.springframework.dao.DataIntegrityViolationException: Could not execute JDBC batch update; nested exception is org.hibernate.exception.ConstraintViolationException: Could not execute JDBC batch update
	at org.springframework.orm.hibernate3.SessionFactoryUtils.convertHibernateAccessException(SessionFactoryUtils.java:636) ~[spring-2.5.6.jar:2.5.6]
	at org.springframework.orm.hibernate3.HibernateAccessor.convertHibernateAccessException(HibernateAccessor.java:412) ~[spring-2.5.6.jar:2.5.6]
	at org.springframework.orm.hibernate3.HibernateTemplate.doExecute(HibernateTemplate.java:424) ~[spring-2.5.6.jar:2.5.6]
	at org.springframework.orm.hibernate3.HibernateTemplate.executeWithNativeSession(HibernateTemplate.java:374) ~[spring-2.5.6.jar:2.5.6]
	at org.springframework.orm.hibernate3.HibernateTemplate.save(HibernateTemplate.java:694) ~[spring-2.5.6.jar:2.5.6]
	at partnerIntg.com.good.dao.PurchaseOrderItemDetailsDaoImpl.save(PurchaseOrderItemDetailsDaoImpl.java:19) ~[classes/:na]
	at partnerIntg.com.good.businessObjs.PurchaseOrderItemDetailsImpl.save(PurchaseOrderItemDetailsImpl.java:33) ~[classes/:na]
	at partnerIntg.App.main(App.java:117) ~[classes/:na]
	at sun.reflect.NativeMethodAccessorImpl.invoke0(Native Method) ~[na:1.7.0_40]
	at sun.reflect.NativeMethodAccessorImpl.invoke(NativeMethodAccessorImpl.java:57) ~[na:1.7.0_40]
	at sun.reflect.DelegatingMethodAccessorImpl.invoke(DelegatingMethodAccessorImpl.java:43) ~[na:1.7.0_40]
	at java.lang.reflect.Method.invoke(Method.java:606) ~[na:1.7.0_40]
	at com.intellij.rt.execution.application.AppMain.main(AppMain.java:120) [idea_rt.jar:na]
Caused by: org.hibernate.exception.ConstraintViolationException: Could not execute JDBC batch update
	at org.hibernate.exception.SQLStateConverter.convert(SQLStateConverter.java:71) ~[hibernate-3.2.6.ga.jar:3.2.6.ga]
	at org.hibernate.exception.JDBCExceptionHelper.convert(JDBCExceptionHelper.java:43) ~[hibernate-3.2.6.ga.jar:3.2.6.ga]
	at org.hibernate.jdbc.AbstractBatcher.executeBatch(AbstractBatcher.java:253) ~[hibernate-3.2.6.ga.jar:3.2.6.ga]
	at org.hibernate.engine.ActionQueue.executeActions(ActionQueue.java:266) ~[hibernate-3.2.6.ga.jar:3.2.6.ga]
	at org.hibernate.engine.ActionQueue.executeActions(ActionQueue.java:167) ~[hibernate-3.2.6.ga.jar:3.2.6.ga]
	at org.hibernate.event.def.AbstractFlushingEventListener.performExecutions(AbstractFlushingEventListener.java:298) ~[hibernate-3.2.6.ga.jar:3.2.6.ga]
	at org.hibernate.event.def.DefaultFlushEventListener.onFlush(DefaultFlushEventListener.java:27) ~[hibernate-3.2.6.ga.jar:3.2.6.ga]
	at org.hibernate.impl.SessionImpl.flush(SessionImpl.java:1000) ~[hibernate-3.2.6.ga.jar:3.2.6.ga]
	at org.springframework.orm.hibernate3.HibernateAccessor.flushIfNecessary(HibernateAccessor.java:390) ~[spring-2.5.6.jar:2.5.6]
	at org.springframework.orm.hibernate3.HibernateTemplate.doExecute(HibernateTemplate.java:420) ~[spring-2.5.6.jar:2.5.6]
	... 10 common frames omitted
Caused by: java.sql.BatchUpdateException: ORA-01400: cannot insert NULL into ("GOODTECH"."PO_ITEM_DETAILS"."PO_ITEM_DETAILS_ID")

	at oracle.jdbc.driver.OraclePreparedStatement.executeBatch(OraclePreparedStatement.java:10500) ~[ojdbc6-1.0.jar:11.2.0.3.0]
	at oracle.jdbc.driver.OracleStatementWrapper.executeBatch(OracleStatementWrapper.java:230) ~[ojdbc6-1.0.jar:11.2.0.3.0]
	at org.hibernate.jdbc.BatchingBatcher.doExecuteBatch(BatchingBatcher.java:48) ~[hibernate-3.2.6.ga.jar:3.2.6.ga]
	at org.hibernate.jdbc.AbstractBatcher.executeBatch(AbstractBatcher.java:246) ~[hibernate-3.2.6.ga.jar:3.2.6.ga]
	... 17 common frames omitted
