2013-12-15 08:20:27,350 [main] ERROR  partnerIntg.App - UUID for the Job is : 4235423826697668364
2013-12-15 08:20:36,808 [main] ERROR  partnerIntg.App - Exception in main function
org.springframework.dao.DataIntegrityViolationException: Could not execute JDBC batch update; nested exception is org.hibernate.exception.ConstraintViolationException: Could not execute JDBC batch update
	at org.springframework.orm.hibernate3.SessionFactoryUtils.convertHibernateAccessException(SessionFactoryUtils.java:636) ~[spring-2.5.6.jar:2.5.6]
	at org.springframework.orm.hibernate3.HibernateAccessor.convertHibernateAccessException(HibernateAccessor.java:412) ~[spring-2.5.6.jar:2.5.6]
	at org.springframework.orm.hibernate3.HibernateTemplate.doExecute(HibernateTemplate.java:424) ~[spring-2.5.6.jar:2.5.6]
	at org.springframework.orm.hibernate3.HibernateTemplate.executeWithNativeSession(HibernateTemplate.java:374) ~[spring-2.5.6.jar:2.5.6]
	at org.springframework.orm.hibernate3.HibernateTemplate.save(HibernateTemplate.java:694) ~[spring-2.5.6.jar:2.5.6]
	at partnerIntg.com.good.dao.PurchaseOrderItemDetailsDaoImpl.save(PurchaseOrderItemDetailsDaoImpl.java:19) ~[classes/:na]
	at partnerIntg.com.good.businessObjs.PurchaseOrderItemDetailsImpl.save(PurchaseOrderItemDetailsImpl.java:33) ~[classes/:na]
	at partnerIntg.App.main(App.java:117) ~[classes/:na]
	at sun.reflect.NativeMethodAccessorImpl.invoke0(Native Method) ~[na:1.7.0_40]
	at sun.reflect.NativeMethodAccessorImpl.invoke(NativeMethodAccessorImpl.java:57) ~[na:1.7.0_40]
	at sun.reflect.DelegatingMethodAccessorImpl.invoke(DelegatingMethodAccessorImpl.java:43) ~[na:1.7.0_40]
	at java.lang.reflect.Method.invoke(Method.java:606) ~[na:1.7.0_40]
	at com.intellij.rt.execution.application.AppMain.main(AppMain.java:120) [idea_rt.jar:na]
Caused by: org.hibernate.exception.ConstraintViolationException: Could not execute JDBC batch update
	at org.hibernate.exception.SQLStateConverter.convert(SQLStateConverter.java:71) ~[hibernate-3.2.6.ga.jar:3.2.6.ga]
	at org.hibernate.exception.JDBCExceptionHelper.convert(JDBCExceptionHelper.java:43) ~[hibernate-3.2.6.ga.jar:3.2.6.ga]
	at org.hibernate.jdbc.AbstractBatcher.executeBatch(AbstractBatcher.java:253) ~[hibernate-3.2.6.ga.jar:3.2.6.ga]
	at org.hibernate.engine.ActionQueue.executeActions(ActionQueue.java:266) ~[hibernate-3.2.6.ga.jar:3.2.6.ga]
	at org.hibernate.engine.ActionQueue.executeActions(ActionQueue.java:167) ~[hibernate-3.2.6.ga.jar:3.2.6.ga]
	at org.hibernate.event.def.AbstractFlushingEventListener.performExecutions(AbstractFlushingEventListener.java:298) ~[hibernate-3.2.6.ga.jar:3.2.6.ga]
	at org.hibernate.event.def.DefaultFlushEventListener.onFlush(DefaultFlushEventListener.java:27) ~[hibernate-3.2.6.ga.jar:3.2.6.ga]
	at org.hibernate.impl.SessionImpl.flush(SessionImpl.java:1000) ~[hibernate-3.2.6.ga.jar:3.2.6.ga]
	at org.springframework.orm.hibernate3.HibernateAccessor.flushIfNecessary(HibernateAccessor.java:390) ~[spring-2.5.6.jar:2.5.6]
	at org.springframework.orm.hibernate3.HibernateTemplate.doExecute(HibernateTemplate.java:420) ~[spring-2.5.6.jar:2.5.6]
	... 10 common frames omitted
Caused by: java.sql.BatchUpdateException: ORA-01400: cannot insert NULL into ("GOODTECH"."PO_ITEM_DETAILS"."PO_ITEM_DETAILS_ID")

	at oracle.jdbc.driver.OraclePreparedStatement.executeBatch(OraclePreparedStatement.java:10500) ~[ojdbc6-1.0.jar:11.2.0.3.0]
	at oracle.jdbc.driver.OracleStatementWrapper.executeBatch(OracleStatementWrapper.java:230) ~[ojdbc6-1.0.jar:11.2.0.3.0]
	at org.hibernate.jdbc.BatchingBatcher.doExecuteBatch(BatchingBatcher.java:48) ~[hibernate-3.2.6.ga.jar:3.2.6.ga]
	at org.hibernate.jdbc.AbstractBatcher.executeBatch(AbstractBatcher.java:246) ~[hibernate-3.2.6.ga.jar:3.2.6.ga]
	... 17 common frames omitted
2013-12-15 08:23:24,845 [main] ERROR  partnerIntg.App - UUID for the Job is : 5399693799741738573
2013-12-15 08:23:26,541 [main] ERROR  partnerIntg.App - Exception in main function
org.springframework.orm.hibernate3.HibernateSystemException: attempted to assign id from null one-to-one property: purchaseOrderDetails; nested exception is org.hibernate.id.IdentifierGenerationException: attempted to assign id from null one-to-one property: purchaseOrderDetails
	at org.springframework.orm.hibernate3.SessionFactoryUtils.convertHibernateAccessException(SessionFactoryUtils.java:676) ~[spring-2.5.6.jar:2.5.6]
	at org.springframework.orm.hibernate3.HibernateAccessor.convertHibernateAccessException(HibernateAccessor.java:412) ~[spring-2.5.6.jar:2.5.6]
	at org.springframework.orm.hibernate3.HibernateTemplate.doExecute(HibernateTemplate.java:424) ~[spring-2.5.6.jar:2.5.6]
	at org.springframework.orm.hibernate3.HibernateTemplate.executeWithNativeSession(HibernateTemplate.java:374) ~[spring-2.5.6.jar:2.5.6]
	at org.springframework.orm.hibernate3.HibernateTemplate.save(HibernateTemplate.java:694) ~[spring-2.5.6.jar:2.5.6]
	at partnerIntg.com.good.dao.PurchaseOrderDetailsDaoImpl.save(PurchaseOrderDetailsDaoImpl.java:20) ~[classes/:na]
	at partnerIntg.com.good.businessObjs.PurchaseOrderDetailsImpl.save(PurchaseOrderDetailsImpl.java:31) ~[classes/:na]
	at partnerIntg.App.main(App.java:110) ~[classes/:na]
	at sun.reflect.NativeMethodAccessorImpl.invoke0(Native Method) ~[na:1.7.0_40]
	at sun.reflect.NativeMethodAccessorImpl.invoke(NativeMethodAccessorImpl.java:57) ~[na:1.7.0_40]
	at sun.reflect.DelegatingMethodAccessorImpl.invoke(DelegatingMethodAccessorImpl.java:43) ~[na:1.7.0_40]
	at java.lang.reflect.Method.invoke(Method.java:606) ~[na:1.7.0_40]
	at com.intellij.rt.execution.application.AppMain.main(AppMain.java:120) [idea_rt.jar:na]
Caused by: org.hibernate.id.IdentifierGenerationException: attempted to assign id from null one-to-one property: purchaseOrderDetails
	at org.hibernate.id.ForeignGenerator.generate(ForeignGenerator.java:44) ~[hibernate-3.2.6.ga.jar:3.2.6.ga]
	at org.hibernate.event.def.AbstractSaveEventListener.saveWithGeneratedId(AbstractSaveEventListener.java:99) ~[hibernate-3.2.6.ga.jar:3.2.6.ga]
	at org.hibernate.event.def.DefaultSaveOrUpdateEventListener.saveWithGeneratedOrRequestedId(DefaultSaveOrUpdateEventListener.java:187) ~[hibernate-3.2.6.ga.jar:3.2.6.ga]
	at org.hibernate.event.def.DefaultSaveOrUpdateEventListener.entityIsTransient(DefaultSaveOrUpdateEventListener.java:172) ~[hibernate-3.2.6.ga.jar:3.2.6.ga]
	at org.hibernate.event.def.DefaultSaveOrUpdateEventListener.performSaveOrUpdate(DefaultSaveOrUpdateEventListener.java:94) ~[hibernate-3.2.6.ga.jar:3.2.6.ga]
	at org.hibernate.event.def.DefaultSaveOrUpdateEventListener.onSaveOrUpdate(DefaultSaveOrUpdateEventListener.java:70) ~[hibernate-3.2.6.ga.jar:3.2.6.ga]
	at org.hibernate.impl.SessionImpl.fireSaveOrUpdate(SessionImpl.java:507) ~[hibernate-3.2.6.ga.jar:3.2.6.ga]
	at org.hibernate.impl.SessionImpl.saveOrUpdate(SessionImpl.java:499) ~[hibernate-3.2.6.ga.jar:3.2.6.ga]
	at org.hibernate.engine.CascadingAction$5.cascade(CascadingAction.java:218) ~[hibernate-3.2.6.ga.jar:3.2.6.ga]
	at org.hibernate.engine.Cascade.cascadeToOne(Cascade.java:268) ~[hibernate-3.2.6.ga.jar:3.2.6.ga]
	at org.hibernate.engine.Cascade.cascadeAssociation(Cascade.java:216) ~[hibernate-3.2.6.ga.jar:3.2.6.ga]
	at org.hibernate.engine.Cascade.cascadeProperty(Cascade.java:169) ~[hibernate-3.2.6.ga.jar:3.2.6.ga]
	at org.hibernate.engine.Cascade.cascadeCollectionElements(Cascade.java:296) ~[hibernate-3.2.6.ga.jar:3.2.6.ga]
	at org.hibernate.engine.Cascade.cascadeCollection(Cascade.java:242) ~[hibernate-3.2.6.ga.jar:3.2.6.ga]
	at org.hibernate.engine.Cascade.cascadeAssociation(Cascade.java:219) ~[hibernate-3.2.6.ga.jar:3.2.6.ga]
	at org.hibernate.engine.Cascade.cascadeProperty(Cascade.java:169) ~[hibernate-3.2.6.ga.jar:3.2.6.ga]
	at org.hibernate.engine.Cascade.cascade(Cascade.java:130) ~[hibernate-3.2.6.ga.jar:3.2.6.ga]
	at org.hibernate.event.def.AbstractSaveEventListener.cascadeAfterSave(AbstractSaveEventListener.java:456) ~[hibernate-3.2.6.ga.jar:3.2.6.ga]
	at org.hibernate.event.def.AbstractSaveEventListener.performSaveOrReplicate(AbstractSaveEventListener.java:334) ~[hibernate-3.2.6.ga.jar:3.2.6.ga]
	at org.hibernate.event.def.AbstractSaveEventListener.performSave(AbstractSaveEventListener.java:181) ~[hibernate-3.2.6.ga.jar:3.2.6.ga]
	at org.hibernate.event.def.AbstractSaveEventListener.saveWithGeneratedId(AbstractSaveEventListener.java:121) ~[hibernate-3.2.6.ga.jar:3.2.6.ga]
	at org.hibernate.event.def.DefaultSaveOrUpdateEventListener.saveWithGeneratedOrRequestedId(DefaultSaveOrUpdateEventListener.java:187) ~[hibernate-3.2.6.ga.jar:3.2.6.ga]
	at org.hibernate.event.def.DefaultSaveEventListener.saveWithGeneratedOrRequestedId(DefaultSaveEventListener.java:33) ~[hibernate-3.2.6.ga.jar:3.2.6.ga]
	at org.hibernate.event.def.DefaultSaveOrUpdateEventListener.entityIsTransient(DefaultSaveOrUpdateEventListener.java:172) ~[hibernate-3.2.6.ga.jar:3.2.6.ga]
	at org.hibernate.event.def.DefaultSaveEventListener.performSaveOrUpdate(DefaultSaveEventListener.java:27) ~[hibernate-3.2.6.ga.jar:3.2.6.ga]
	at org.hibernate.event.def.DefaultSaveOrUpdateEventListener.onSaveOrUpdate(DefaultSaveOrUpdateEventListener.java:70) ~[hibernate-3.2.6.ga.jar:3.2.6.ga]
	at org.hibernate.impl.SessionImpl.fireSave(SessionImpl.java:535) ~[hibernate-3.2.6.ga.jar:3.2.6.ga]
	at org.hibernate.impl.SessionImpl.save(SessionImpl.java:523) ~[hibernate-3.2.6.ga.jar:3.2.6.ga]
	at org.hibernate.impl.SessionImpl.save(SessionImpl.java:519) ~[hibernate-3.2.6.ga.jar:3.2.6.ga]
	at org.springframework.orm.hibernate3.HibernateTemplate$12.doInHibernate(HibernateTemplate.java:697) ~[spring-2.5.6.jar:2.5.6]
	at org.springframework.orm.hibernate3.HibernateTemplate.doExecute(HibernateTemplate.java:419) ~[spring-2.5.6.jar:2.5.6]
	... 10 common frames omitted
2013-12-15 08:25:13,712 [main] ERROR  partnerIntg.App - UUID for the Job is : 2191050607284210328
2013-12-15 08:25:15,698 [main] ERROR  partnerIntg.App - Exception in main function
org.springframework.orm.hibernate3.HibernateSystemException: attempted to assign id from null one-to-one property: purchaseOrderDetails; nested exception is org.hibernate.id.IdentifierGenerationException: attempted to assign id from null one-to-one property: purchaseOrderDetails
	at org.springframework.orm.hibernate3.SessionFactoryUtils.convertHibernateAccessException(SessionFactoryUtils.java:676) ~[spring-2.5.6.jar:2.5.6]
	at org.springframework.orm.hibernate3.HibernateAccessor.convertHibernateAccessException(HibernateAccessor.java:412) ~[spring-2.5.6.jar:2.5.6]
	at org.springframework.orm.hibernate3.HibernateTemplate.doExecute(HibernateTemplate.java:424) ~[spring-2.5.6.jar:2.5.6]
	at org.springframework.orm.hibernate3.HibernateTemplate.executeWithNativeSession(HibernateTemplate.java:374) ~[spring-2.5.6.jar:2.5.6]
	at org.springframework.orm.hibernate3.HibernateTemplate.save(HibernateTemplate.java:694) ~[spring-2.5.6.jar:2.5.6]
	at partnerIntg.com.good.dao.PurchaseOrderDetailsDaoImpl.save(PurchaseOrderDetailsDaoImpl.java:20) ~[classes/:na]
	at partnerIntg.com.good.businessObjs.PurchaseOrderDetailsImpl.save(PurchaseOrderDetailsImpl.java:31) ~[classes/:na]
	at partnerIntg.App.main(App.java:110) ~[classes/:na]
	at sun.reflect.NativeMethodAccessorImpl.invoke0(Native Method) ~[na:1.7.0_40]
	at sun.reflect.NativeMethodAccessorImpl.invoke(NativeMethodAccessorImpl.java:57) ~[na:1.7.0_40]
	at sun.reflect.DelegatingMethodAccessorImpl.invoke(DelegatingMethodAccessorImpl.java:43) ~[na:1.7.0_40]
	at java.lang.reflect.Method.invoke(Method.java:606) ~[na:1.7.0_40]
	at com.intellij.rt.execution.application.AppMain.main(AppMain.java:120) [idea_rt.jar:na]
Caused by: org.hibernate.id.IdentifierGenerationException: attempted to assign id from null one-to-one property: purchaseOrderDetails
	at org.hibernate.id.ForeignGenerator.generate(ForeignGenerator.java:44) ~[hibernate-3.2.6.ga.jar:3.2.6.ga]
	at org.hibernate.event.def.AbstractSaveEventListener.saveWithGeneratedId(AbstractSaveEventListener.java:99) ~[hibernate-3.2.6.ga.jar:3.2.6.ga]
	at org.hibernate.event.def.DefaultSaveOrUpdateEventListener.saveWithGeneratedOrRequestedId(DefaultSaveOrUpdateEventListener.java:187) ~[hibernate-3.2.6.ga.jar:3.2.6.ga]
	at org.hibernate.event.def.DefaultSaveOrUpdateEventListener.entityIsTransient(DefaultSaveOrUpdateEventListener.java:172) ~[hibernate-3.2.6.ga.jar:3.2.6.ga]
	at org.hibernate.event.def.DefaultSaveOrUpdateEventListener.performSaveOrUpdate(DefaultSaveOrUpdateEventListener.java:94) ~[hibernate-3.2.6.ga.jar:3.2.6.ga]
	at org.hibernate.event.def.DefaultSaveOrUpdateEventListener.onSaveOrUpdate(DefaultSaveOrUpdateEventListener.java:70) ~[hibernate-3.2.6.ga.jar:3.2.6.ga]
	at org.hibernate.impl.SessionImpl.fireSaveOrUpdate(SessionImpl.java:507) ~[hibernate-3.2.6.ga.jar:3.2.6.ga]
	at org.hibernate.impl.SessionImpl.saveOrUpdate(SessionImpl.java:499) ~[hibernate-3.2.6.ga.jar:3.2.6.ga]
	at org.hibernate.engine.CascadingAction$5.cascade(CascadingAction.java:218) ~[hibernate-3.2.6.ga.jar:3.2.6.ga]
	at org.hibernate.engine.Cascade.cascadeToOne(Cascade.java:268) ~[hibernate-3.2.6.ga.jar:3.2.6.ga]
	at org.hibernate.engine.Cascade.cascadeAssociation(Cascade.java:216) ~[hibernate-3.2.6.ga.jar:3.2.6.ga]
	at org.hibernate.engine.Cascade.cascadeProperty(Cascade.java:169) ~[hibernate-3.2.6.ga.jar:3.2.6.ga]
	at org.hibernate.engine.Cascade.cascadeCollectionElements(Cascade.java:296) ~[hibernate-3.2.6.ga.jar:3.2.6.ga]
	at org.hibernate.engine.Cascade.cascadeCollection(Cascade.java:242) ~[hibernate-3.2.6.ga.jar:3.2.6.ga]
	at org.hibernate.engine.Cascade.cascadeAssociation(Cascade.java:219) ~[hibernate-3.2.6.ga.jar:3.2.6.ga]
	at org.hibernate.engine.Cascade.cascadeProperty(Cascade.java:169) ~[hibernate-3.2.6.ga.jar:3.2.6.ga]
	at org.hibernate.engine.Cascade.cascade(Cascade.java:130) ~[hibernate-3.2.6.ga.jar:3.2.6.ga]
	at org.hibernate.event.def.AbstractSaveEventListener.cascadeAfterSave(AbstractSaveEventListener.java:456) ~[hibernate-3.2.6.ga.jar:3.2.6.ga]
	at org.hibernate.event.def.AbstractSaveEventListener.performSaveOrReplicate(AbstractSaveEventListener.java:334) ~[hibernate-3.2.6.ga.jar:3.2.6.ga]
	at org.hibernate.event.def.AbstractSaveEventListener.performSave(AbstractSaveEventListener.java:181) ~[hibernate-3.2.6.ga.jar:3.2.6.ga]
	at org.hibernate.event.def.AbstractSaveEventListener.saveWithGeneratedId(AbstractSaveEventListener.java:121) ~[hibernate-3.2.6.ga.jar:3.2.6.ga]
	at org.hibernate.event.def.DefaultSaveOrUpdateEventListener.saveWithGeneratedOrRequestedId(DefaultSaveOrUpdateEventListener.java:187) ~[hibernate-3.2.6.ga.jar:3.2.6.ga]
	at org.hibernate.event.def.DefaultSaveEventListener.saveWithGeneratedOrRequestedId(DefaultSaveEventListener.java:33) ~[hibernate-3.2.6.ga.jar:3.2.6.ga]
	at org.hibernate.event.def.DefaultSaveOrUpdateEventListener.entityIsTransient(DefaultSaveOrUpdateEventListener.java:172) ~[hibernate-3.2.6.ga.jar:3.2.6.ga]
	at org.hibernate.event.def.DefaultSaveEventListener.performSaveOrUpdate(DefaultSaveEventListener.java:27) ~[hibernate-3.2.6.ga.jar:3.2.6.ga]
	at org.hibernate.event.def.DefaultSaveOrUpdateEventListener.onSaveOrUpdate(DefaultSaveOrUpdateEventListener.java:70) ~[hibernate-3.2.6.ga.jar:3.2.6.ga]
	at org.hibernate.impl.SessionImpl.fireSave(SessionImpl.java:535) ~[hibernate-3.2.6.ga.jar:3.2.6.ga]
	at org.hibernate.impl.SessionImpl.save(SessionImpl.java:523) ~[hibernate-3.2.6.ga.jar:3.2.6.ga]
	at org.hibernate.impl.SessionImpl.save(SessionImpl.java:519) ~[hibernate-3.2.6.ga.jar:3.2.6.ga]
	at org.springframework.orm.hibernate3.HibernateTemplate$12.doInHibernate(HibernateTemplate.java:697) ~[spring-2.5.6.jar:2.5.6]
	at org.springframework.orm.hibernate3.HibernateTemplate.doExecute(HibernateTemplate.java:419) ~[spring-2.5.6.jar:2.5.6]
	... 10 common frames omitted
2013-12-15 08:25:53,527 [main] ERROR  partnerIntg.App - UUID for the Job is : 1358137476497817887
2013-12-15 08:25:55,516 [main] ERROR  partnerIntg.App - Exception in main function
org.springframework.dao.DataIntegrityViolationException: Could not execute JDBC batch update; nested exception is org.hibernate.exception.ConstraintViolationException: Could not execute JDBC batch update
	at org.springframework.orm.hibernate3.SessionFactoryUtils.convertHibernateAccessException(SessionFactoryUtils.java:636) ~[spring-2.5.6.jar:2.5.6]
	at org.springframework.orm.hibernate3.HibernateAccessor.convertHibernateAccessException(HibernateAccessor.java:412) ~[spring-2.5.6.jar:2.5.6]
	at org.springframework.orm.hibernate3.HibernateTemplate.doExecute(HibernateTemplate.java:424) ~[spring-2.5.6.jar:2.5.6]
	at org.springframework.orm.hibernate3.HibernateTemplate.executeWithNativeSession(HibernateTemplate.java:374) ~[spring-2.5.6.jar:2.5.6]
	at org.springframework.orm.hibernate3.HibernateTemplate.save(HibernateTemplate.java:694) ~[spring-2.5.6.jar:2.5.6]
	at partnerIntg.com.good.dao.PurchaseOrderItemDetailsDaoImpl.save(PurchaseOrderItemDetailsDaoImpl.java:19) ~[classes/:na]
	at partnerIntg.com.good.businessObjs.PurchaseOrderItemDetailsImpl.save(PurchaseOrderItemDetailsImpl.java:33) ~[classes/:na]
	at partnerIntg.App.main(App.java:117) ~[classes/:na]
	at sun.reflect.NativeMethodAccessorImpl.invoke0(Native Method) ~[na:1.7.0_40]
	at sun.reflect.NativeMethodAccessorImpl.invoke(NativeMethodAccessorImpl.java:57) ~[na:1.7.0_40]
	at sun.reflect.DelegatingMethodAccessorImpl.invoke(DelegatingMethodAccessorImpl.java:43) ~[na:1.7.0_40]
	at java.lang.reflect.Method.invoke(Method.java:606) ~[na:1.7.0_40]
	at com.intellij.rt.execution.application.AppMain.main(AppMain.java:120) [idea_rt.jar:na]
Caused by: org.hibernate.exception.ConstraintViolationException: Could not execute JDBC batch update
	at org.hibernate.exception.SQLStateConverter.convert(SQLStateConverter.java:71) ~[hibernate-3.2.6.ga.jar:3.2.6.ga]
	at org.hibernate.exception.JDBCExceptionHelper.convert(JDBCExceptionHelper.java:43) ~[hibernate-3.2.6.ga.jar:3.2.6.ga]
	at org.hibernate.jdbc.AbstractBatcher.executeBatch(AbstractBatcher.java:253) ~[hibernate-3.2.6.ga.jar:3.2.6.ga]
	at org.hibernate.engine.ActionQueue.executeActions(ActionQueue.java:266) ~[hibernate-3.2.6.ga.jar:3.2.6.ga]
	at org.hibernate.engine.ActionQueue.executeActions(ActionQueue.java:167) ~[hibernate-3.2.6.ga.jar:3.2.6.ga]
	at org.hibernate.event.def.AbstractFlushingEventListener.performExecutions(AbstractFlushingEventListener.java:298) ~[hibernate-3.2.6.ga.jar:3.2.6.ga]
	at org.hibernate.event.def.DefaultFlushEventListener.onFlush(DefaultFlushEventListener.java:27) ~[hibernate-3.2.6.ga.jar:3.2.6.ga]
	at org.hibernate.impl.SessionImpl.flush(SessionImpl.java:1000) ~[hibernate-3.2.6.ga.jar:3.2.6.ga]
	at org.springframework.orm.hibernate3.HibernateAccessor.flushIfNecessary(HibernateAccessor.java:390) ~[spring-2.5.6.jar:2.5.6]
	at org.springframework.orm.hibernate3.HibernateTemplate.doExecute(HibernateTemplate.java:420) ~[spring-2.5.6.jar:2.5.6]
	... 10 common frames omitted
Caused by: java.sql.BatchUpdateException: ORA-01400: cannot insert NULL into ("GOODTECH"."PO_ITEM_DETAILS"."PO_ITEM_DETAILS_ID")

	at oracle.jdbc.driver.OraclePreparedStatement.executeBatch(OraclePreparedStatement.java:10500) ~[ojdbc6-1.0.jar:11.2.0.3.0]
	at oracle.jdbc.driver.OracleStatementWrapper.executeBatch(OracleStatementWrapper.java:230) ~[ojdbc6-1.0.jar:11.2.0.3.0]
	at org.hibernate.jdbc.BatchingBatcher.doExecuteBatch(BatchingBatcher.java:48) ~[hibernate-3.2.6.ga.jar:3.2.6.ga]
	at org.hibernate.jdbc.AbstractBatcher.executeBatch(AbstractBatcher.java:246) ~[hibernate-3.2.6.ga.jar:3.2.6.ga]
	... 17 common frames omitted
2013-12-15 08:36:26,198 [main] ERROR  partnerIntg.App - UUID for the Job is : -9104330664532292366
2013-12-15 08:36:28,983 [main] ERROR  partnerIntg.App - Exception in main function
org.springframework.dao.DataIntegrityViolationException: Could not execute JDBC batch update; nested exception is org.hibernate.exception.ConstraintViolationException: Could not execute JDBC batch update
	at org.springframework.orm.hibernate3.SessionFactoryUtils.convertHibernateAccessException(SessionFactoryUtils.java:636) ~[spring-2.5.6.jar:2.5.6]
	at org.springframework.orm.hibernate3.HibernateAccessor.convertHibernateAccessException(HibernateAccessor.java:412) ~[spring-2.5.6.jar:2.5.6]
	at org.springframework.orm.hibernate3.HibernateTemplate.doExecute(HibernateTemplate.java:424) ~[spring-2.5.6.jar:2.5.6]
	at org.springframework.orm.hibernate3.HibernateTemplate.executeWithNativeSession(HibernateTemplate.java:374) ~[spring-2.5.6.jar:2.5.6]
	at org.springframework.orm.hibernate3.HibernateTemplate.save(HibernateTemplate.java:694) ~[spring-2.5.6.jar:2.5.6]
	at partnerIntg.com.good.dao.PurchaseOrderItemDetailsDaoImpl.save(PurchaseOrderItemDetailsDaoImpl.java:19) ~[classes/:na]
	at partnerIntg.com.good.businessObjs.PurchaseOrderItemDetailsImpl.save(PurchaseOrderItemDetailsImpl.java:33) ~[classes/:na]
	at partnerIntg.App.main(App.java:117) ~[classes/:na]
	at sun.reflect.NativeMethodAccessorImpl.invoke0(Native Method) ~[na:1.7.0_40]
	at sun.reflect.NativeMethodAccessorImpl.invoke(NativeMethodAccessorImpl.java:57) ~[na:1.7.0_40]
	at sun.reflect.DelegatingMethodAccessorImpl.invoke(DelegatingMethodAccessorImpl.java:43) ~[na:1.7.0_40]
	at java.lang.reflect.Method.invoke(Method.java:606) ~[na:1.7.0_40]
	at com.intellij.rt.execution.application.AppMain.main(AppMain.java:120) [idea_rt.jar:na]
Caused by: org.hibernate.exception.ConstraintViolationException: Could not execute JDBC batch update
	at org.hibernate.exception.SQLStateConverter.convert(SQLStateConverter.java:71) ~[hibernate-3.2.6.ga.jar:3.2.6.ga]
	at org.hibernate.exception.JDBCExceptionHelper.convert(JDBCExceptionHelper.java:43) ~[hibernate-3.2.6.ga.jar:3.2.6.ga]
	at org.hibernate.jdbc.AbstractBatcher.executeBatch(AbstractBatcher.java:253) ~[hibernate-3.2.6.ga.jar:3.2.6.ga]
	at org.hibernate.engine.ActionQueue.executeActions(ActionQueue.java:266) ~[hibernate-3.2.6.ga.jar:3.2.6.ga]
	at org.hibernate.engine.ActionQueue.executeActions(ActionQueue.java:167) ~[hibernate-3.2.6.ga.jar:3.2.6.ga]
	at org.hibernate.event.def.AbstractFlushingEventListener.performExecutions(AbstractFlushingEventListener.java:298) ~[hibernate-3.2.6.ga.jar:3.2.6.ga]
	at org.hibernate.event.def.DefaultFlushEventListener.onFlush(DefaultFlushEventListener.java:27) ~[hibernate-3.2.6.ga.jar:3.2.6.ga]
	at org.hibernate.impl.SessionImpl.flush(SessionImpl.java:1000) ~[hibernate-3.2.6.ga.jar:3.2.6.ga]
	at org.springframework.orm.hibernate3.HibernateAccessor.flushIfNecessary(HibernateAccessor.java:390) ~[spring-2.5.6.jar:2.5.6]
	at org.springframework.orm.hibernate3.HibernateTemplate.doExecute(HibernateTemplate.java:420) ~[spring-2.5.6.jar:2.5.6]
	... 10 common frames omitted
Caused by: java.sql.BatchUpdateException: ORA-01400: cannot insert NULL into ("GOODTECH"."PO_ITEM_DETAILS"."PO_ITEM_DETAILS_ID")

	at oracle.jdbc.driver.OraclePreparedStatement.executeBatch(OraclePreparedStatement.java:10070) ~[ojdbc6-2.0.jar:11.2.0.1.0]
	at oracle.jdbc.driver.OracleStatementWrapper.executeBatch(OracleStatementWrapper.java:213) ~[ojdbc6-2.0.jar:11.2.0.1.0]
	at org.hibernate.jdbc.BatchingBatcher.doExecuteBatch(BatchingBatcher.java:48) ~[hibernate-3.2.6.ga.jar:3.2.6.ga]
	at org.hibernate.jdbc.AbstractBatcher.executeBatch(AbstractBatcher.java:246) ~[hibernate-3.2.6.ga.jar:3.2.6.ga]
	... 17 common frames omitted
2013-12-15 08:44:07,503 [main] ERROR  partnerIntg.App - UUID for the Job is : 6267942685071002198
2013-12-15 08:44:10,483 [main] ERROR  partnerIntg.App - Exception in main function
org.springframework.dao.DataIntegrityViolationException: Could not execute JDBC batch update; nested exception is org.hibernate.exception.ConstraintViolationException: Could not execute JDBC batch update
	at org.springframework.orm.hibernate3.SessionFactoryUtils.convertHibernateAccessException(SessionFactoryUtils.java:636) ~[spring-2.5.6.jar:2.5.6]
	at org.springframework.orm.hibernate3.HibernateAccessor.convertHibernateAccessException(HibernateAccessor.java:412) ~[spring-2.5.6.jar:2.5.6]
	at org.springframework.orm.hibernate3.HibernateTemplate.doExecute(HibernateTemplate.java:424) ~[spring-2.5.6.jar:2.5.6]
	at org.springframework.orm.hibernate3.HibernateTemplate.executeWithNativeSession(HibernateTemplate.java:374) ~[spring-2.5.6.jar:2.5.6]
	at org.springframework.orm.hibernate3.HibernateTemplate.save(HibernateTemplate.java:694) ~[spring-2.5.6.jar:2.5.6]
	at partnerIntg.com.good.dao.PurchaseOrderItemDetailsDaoImpl.save(PurchaseOrderItemDetailsDaoImpl.java:19) ~[classes/:na]
	at partnerIntg.com.good.businessObjs.PurchaseOrderItemDetailsImpl.save(PurchaseOrderItemDetailsImpl.java:33) ~[classes/:na]
	at partnerIntg.App.main(App.java:117) ~[classes/:na]
	at sun.reflect.NativeMethodAccessorImpl.invoke0(Native Method) ~[na:1.7.0_40]
	at sun.reflect.NativeMethodAccessorImpl.invoke(NativeMethodAccessorImpl.java:57) ~[na:1.7.0_40]
	at sun.reflect.DelegatingMethodAccessorImpl.invoke(DelegatingMethodAccessorImpl.java:43) ~[na:1.7.0_40]
	at java.lang.reflect.Method.invoke(Method.java:606) ~[na:1.7.0_40]
	at com.intellij.rt.execution.application.AppMain.main(AppMain.java:120) [idea_rt.jar:na]
Caused by: org.hibernate.exception.ConstraintViolationException: Could not execute JDBC batch update
	at org.hibernate.exception.SQLStateConverter.convert(SQLStateConverter.java:71) ~[hibernate-3.2.6.ga.jar:3.2.6.ga]
	at org.hibernate.exception.JDBCExceptionHelper.convert(JDBCExceptionHelper.java:43) ~[hibernate-3.2.6.ga.jar:3.2.6.ga]
	at org.hibernate.jdbc.AbstractBatcher.executeBatch(AbstractBatcher.java:253) ~[hibernate-3.2.6.ga.jar:3.2.6.ga]
	at org.hibernate.engine.ActionQueue.executeActions(ActionQueue.java:266) ~[hibernate-3.2.6.ga.jar:3.2.6.ga]
	at org.hibernate.engine.ActionQueue.executeActions(ActionQueue.java:167) ~[hibernate-3.2.6.ga.jar:3.2.6.ga]
	at org.hibernate.event.def.AbstractFlushingEventListener.performExecutions(AbstractFlushingEventListener.java:298) ~[hibernate-3.2.6.ga.jar:3.2.6.ga]
	at org.hibernate.event.def.DefaultFlushEventListener.onFlush(DefaultFlushEventListener.java:27) ~[hibernate-3.2.6.ga.jar:3.2.6.ga]
	at org.hibernate.impl.SessionImpl.flush(SessionImpl.java:1000) ~[hibernate-3.2.6.ga.jar:3.2.6.ga]
	at org.springframework.orm.hibernate3.HibernateAccessor.flushIfNecessary(HibernateAccessor.java:390) ~[spring-2.5.6.jar:2.5.6]
	at org.springframework.orm.hibernate3.HibernateTemplate.doExecute(HibernateTemplate.java:420) ~[spring-2.5.6.jar:2.5.6]
	... 10 common frames omitted
Caused by: java.sql.BatchUpdateException: ORA-01400: cannot insert NULL into ("GOODTECH"."PO_ITEM_DETAILS"."PO_ITEM_DETAILS_ID")

	at oracle.jdbc.driver.OraclePreparedStatement.executeBatch(OraclePreparedStatement.java:10070) ~[ojdbc6-2.0.jar:11.2.0.1.0]
	at oracle.jdbc.driver.OracleStatementWrapper.executeBatch(OracleStatementWrapper.java:213) ~[ojdbc6-2.0.jar:11.2.0.1.0]
	at org.hibernate.jdbc.BatchingBatcher.doExecuteBatch(BatchingBatcher.java:48) ~[hibernate-3.2.6.ga.jar:3.2.6.ga]
	at org.hibernate.jdbc.AbstractBatcher.executeBatch(AbstractBatcher.java:246) ~[hibernate-3.2.6.ga.jar:3.2.6.ga]
	... 17 common frames omitted
2013-12-15 08:44:59,172 [main] ERROR  partnerIntg.App - UUID for the Job is : -1277430408728000350
2013-12-15 08:45:01,978 [main] ERROR  partnerIntg.App - Exception in main function
org.springframework.dao.DataIntegrityViolationException: Could not execute JDBC batch update; nested exception is org.hibernate.exception.ConstraintViolationException: Could not execute JDBC batch update
	at org.springframework.orm.hibernate3.SessionFactoryUtils.convertHibernateAccessException(SessionFactoryUtils.java:636) ~[spring-2.5.6.jar:2.5.6]
	at org.springframework.orm.hibernate3.HibernateAccessor.convertHibernateAccessException(HibernateAccessor.java:412) ~[spring-2.5.6.jar:2.5.6]
	at org.springframework.orm.hibernate3.HibernateTemplate.doExecute(HibernateTemplate.java:424) ~[spring-2.5.6.jar:2.5.6]
	at org.springframework.orm.hibernate3.HibernateTemplate.executeWithNativeSession(HibernateTemplate.java:374) ~[spring-2.5.6.jar:2.5.6]
	at org.springframework.orm.hibernate3.HibernateTemplate.save(HibernateTemplate.java:694) ~[spring-2.5.6.jar:2.5.6]
	at partnerIntg.com.good.dao.PurchaseOrderItemDetailsDaoImpl.save(PurchaseOrderItemDetailsDaoImpl.java:19) ~[classes/:na]
	at partnerIntg.com.good.businessObjs.PurchaseOrderItemDetailsImpl.save(PurchaseOrderItemDetailsImpl.java:33) ~[classes/:na]
	at partnerIntg.App.main(App.java:117) ~[classes/:na]
	at sun.reflect.NativeMethodAccessorImpl.invoke0(Native Method) ~[na:1.7.0_40]
	at sun.reflect.NativeMethodAccessorImpl.invoke(NativeMethodAccessorImpl.java:57) ~[na:1.7.0_40]
	at sun.reflect.DelegatingMethodAccessorImpl.invoke(DelegatingMethodAccessorImpl.java:43) ~[na:1.7.0_40]
	at java.lang.reflect.Method.invoke(Method.java:606) ~[na:1.7.0_40]
	at com.intellij.rt.execution.application.AppMain.main(AppMain.java:120) [idea_rt.jar:na]
Caused by: org.hibernate.exception.ConstraintViolationException: Could not execute JDBC batch update
	at org.hibernate.exception.SQLStateConverter.convert(SQLStateConverter.java:71) ~[hibernate-3.2.6.ga.jar:3.2.6.ga]
	at org.hibernate.exception.JDBCExceptionHelper.convert(JDBCExceptionHelper.java:43) ~[hibernate-3.2.6.ga.jar:3.2.6.ga]
	at org.hibernate.jdbc.AbstractBatcher.executeBatch(AbstractBatcher.java:253) ~[hibernate-3.2.6.ga.jar:3.2.6.ga]
	at org.hibernate.engine.ActionQueue.executeActions(ActionQueue.java:266) ~[hibernate-3.2.6.ga.jar:3.2.6.ga]
	at org.hibernate.engine.ActionQueue.executeActions(ActionQueue.java:167) ~[hibernate-3.2.6.ga.jar:3.2.6.ga]
	at org.hibernate.event.def.AbstractFlushingEventListener.performExecutions(AbstractFlushingEventListener.java:298) ~[hibernate-3.2.6.ga.jar:3.2.6.ga]
	at org.hibernate.event.def.DefaultFlushEventListener.onFlush(DefaultFlushEventListener.java:27) ~[hibernate-3.2.6.ga.jar:3.2.6.ga]
	at org.hibernate.impl.SessionImpl.flush(SessionImpl.java:1000) ~[hibernate-3.2.6.ga.jar:3.2.6.ga]
	at org.springframework.orm.hibernate3.HibernateAccessor.flushIfNecessary(HibernateAccessor.java:390) ~[spring-2.5.6.jar:2.5.6]
	at org.springframework.orm.hibernate3.HibernateTemplate.doExecute(HibernateTemplate.java:420) ~[spring-2.5.6.jar:2.5.6]
	... 10 common frames omitted
Caused by: java.sql.BatchUpdateException: ORA-01400: cannot insert NULL into ("GOODTECH"."PO_ITEM_DETAILS"."PO_ITEM_DETAILS_ID")

	at oracle.jdbc.driver.OraclePreparedStatement.executeBatch(OraclePreparedStatement.java:10070) ~[ojdbc6-2.0.jar:11.2.0.1.0]
	at oracle.jdbc.driver.OracleStatementWrapper.executeBatch(OracleStatementWrapper.java:213) ~[ojdbc6-2.0.jar:11.2.0.1.0]
	at org.hibernate.jdbc.BatchingBatcher.doExecuteBatch(BatchingBatcher.java:48) ~[hibernate-3.2.6.ga.jar:3.2.6.ga]
	at org.hibernate.jdbc.AbstractBatcher.executeBatch(AbstractBatcher.java:246) ~[hibernate-3.2.6.ga.jar:3.2.6.ga]
	... 17 common frames omitted
