2014-05-14 12:09:33,553 [main] ERROR  partnerIntg.App - UUID for the Job is : 4979058372455384436
2014-05-14 12:10:04,345 [main] ERROR  partnerIntg.App - UUID for the Job is : -2009971885188298389
2014-05-14 12:10:04,719 [main] ERROR  partnerIntg.App - Exception in main function
java.io.FileNotFoundException: c:\goodtech\batch\xmlIntg.properties (No such file or directory)
	at java.io.FileInputStream.open(Native Method) ~[na:1.7.0_51]
	at java.io.FileInputStream.<init>(FileInputStream.java:146) ~[na:1.7.0_51]
	at partnerIntg.App.main(App.java:87) ~[classes/:na]
	at sun.reflect.NativeMethodAccessorImpl.invoke0(Native Method) ~[na:1.7.0_51]
	at sun.reflect.NativeMethodAccessorImpl.invoke(NativeMethodAccessorImpl.java:57) ~[na:1.7.0_51]
	at sun.reflect.DelegatingMethodAccessorImpl.invoke(DelegatingMethodAccessorImpl.java:43) ~[na:1.7.0_51]
	at java.lang.reflect.Method.invoke(Method.java:606) ~[na:1.7.0_51]
	at com.intellij.rt.execution.application.AppMain.main(AppMain.java:120) [idea_rt.jar:na]
2014-05-14 12:13:04,221 [main] ERROR  partnerIntg.App - UUID for the Job is : -2522790971545598107
2014-05-14 12:13:04,550 [main] ERROR  partnerIntg.App - Exception in main function
java.lang.NullPointerException: null
	at partnerIntg.App.main(App.java:94) ~[classes/:na]
	at sun.reflect.NativeMethodAccessorImpl.invoke0(Native Method) ~[na:1.7.0_51]
	at sun.reflect.NativeMethodAccessorImpl.invoke(NativeMethodAccessorImpl.java:57) ~[na:1.7.0_51]
	at sun.reflect.DelegatingMethodAccessorImpl.invoke(DelegatingMethodAccessorImpl.java:43) ~[na:1.7.0_51]
	at java.lang.reflect.Method.invoke(Method.java:606) ~[na:1.7.0_51]
	at com.intellij.rt.execution.application.AppMain.main(AppMain.java:120) [idea_rt.jar:na]
2014-05-14 13:47:12,403 [main] ERROR  partnerIntg.App - UUID for the Job is : -868405202684131145
2014-05-14 13:47:12,723 [main] ERROR  partnerIntg.App - Exception in main function
java.io.FileNotFoundException: /Users/prasannarotti/test_xsd/purchase_order_v8.xsd (No such file or directory)
	at java.io.FileInputStream.open(Native Method) ~[na:1.7.0_51]
	at java.io.FileInputStream.<init>(FileInputStream.java:146) ~[na:1.7.0_51]
	at java.io.FileInputStream.<init>(FileInputStream.java:101) ~[na:1.7.0_51]
	at partnerIntg.App.main(App.java:96) ~[classes/:na]
	at sun.reflect.NativeMethodAccessorImpl.invoke0(Native Method) ~[na:1.7.0_51]
	at sun.reflect.NativeMethodAccessorImpl.invoke(NativeMethodAccessorImpl.java:57) ~[na:1.7.0_51]
	at sun.reflect.DelegatingMethodAccessorImpl.invoke(DelegatingMethodAccessorImpl.java:43) ~[na:1.7.0_51]
	at java.lang.reflect.Method.invoke(Method.java:606) ~[na:1.7.0_51]
	at com.intellij.rt.execution.application.AppMain.main(AppMain.java:120) [idea_rt.jar:na]
2014-05-14 13:47:51,820 [main] ERROR  partnerIntg.App - UUID for the Job is : -8001365244904455161
2014-05-14 13:47:52,148 [main] ERROR  partnerIntg.App - Exception in main function
java.io.FileNotFoundException: Users/prasannarotti/sourceCode/test_xsdpurchase_order_v8.xsd (No such file or directory)
	at java.io.FileInputStream.open(Native Method) ~[na:1.7.0_51]
	at java.io.FileInputStream.<init>(FileInputStream.java:146) ~[na:1.7.0_51]
	at java.io.FileInputStream.<init>(FileInputStream.java:101) ~[na:1.7.0_51]
	at partnerIntg.App.main(App.java:96) ~[classes/:na]
	at sun.reflect.NativeMethodAccessorImpl.invoke0(Native Method) ~[na:1.7.0_51]
	at sun.reflect.NativeMethodAccessorImpl.invoke(NativeMethodAccessorImpl.java:57) ~[na:1.7.0_51]
	at sun.reflect.DelegatingMethodAccessorImpl.invoke(DelegatingMethodAccessorImpl.java:43) ~[na:1.7.0_51]
	at java.lang.reflect.Method.invoke(Method.java:606) ~[na:1.7.0_51]
	at com.intellij.rt.execution.application.AppMain.main(AppMain.java:120) [idea_rt.jar:na]
2014-05-14 13:48:15,081 [main] ERROR  partnerIntg.App - UUID for the Job is : -2839221294295529964
2014-05-14 13:58:48,431 [main] ERROR  partnerIntg.App - UUID for the Job is : 1549637363885296020
2014-05-14 13:58:49,172 [main] ERROR  partnerIntg.App - Exception in main function
org.springframework.dao.DataIntegrityViolationException: not-null property references a null or transient value: partnerIntg.com.good.valueObjs.PurchaseOrderDetails.receiverId; nested exception is org.hibernate.PropertyValueException: not-null property references a null or transient value: partnerIntg.com.good.valueObjs.PurchaseOrderDetails.receiverId
	at org.springframework.orm.hibernate3.SessionFactoryUtils.convertHibernateAccessException(SessionFactoryUtils.java:645) ~[spring-2.5.6.jar:2.5.6]
	at org.springframework.orm.hibernate3.HibernateAccessor.convertHibernateAccessException(HibernateAccessor.java:412) ~[spring-2.5.6.jar:2.5.6]
	at org.springframework.orm.hibernate3.HibernateTemplate.doExecute(HibernateTemplate.java:424) ~[spring-2.5.6.jar:2.5.6]
	at org.springframework.orm.hibernate3.HibernateTemplate.executeWithNativeSession(HibernateTemplate.java:374) ~[spring-2.5.6.jar:2.5.6]
	at org.springframework.orm.hibernate3.HibernateTemplate.save(HibernateTemplate.java:694) ~[spring-2.5.6.jar:2.5.6]
	at partnerIntg.com.good.dao.PurchaseOrderDetailsDaoImpl.save(PurchaseOrderDetailsDaoImpl.java:20) ~[classes/:na]
	at partnerIntg.com.good.businessObjs.PurchaseOrderDetailsImpl.save(PurchaseOrderDetailsImpl.java:31) ~[classes/:na]
	at partnerIntg.App.main(App.java:114) ~[classes/:na]
	at sun.reflect.NativeMethodAccessorImpl.invoke0(Native Method) ~[na:1.7.0_51]
	at sun.reflect.NativeMethodAccessorImpl.invoke(NativeMethodAccessorImpl.java:57) ~[na:1.7.0_51]
	at sun.reflect.DelegatingMethodAccessorImpl.invoke(DelegatingMethodAccessorImpl.java:43) ~[na:1.7.0_51]
	at java.lang.reflect.Method.invoke(Method.java:606) ~[na:1.7.0_51]
	at com.intellij.rt.execution.application.AppMain.main(AppMain.java:120) [idea_rt.jar:na]
Caused by: org.hibernate.PropertyValueException: not-null property references a null or transient value: partnerIntg.com.good.valueObjs.PurchaseOrderDetails.receiverId
	at org.hibernate.engine.Nullability.checkNullability(Nullability.java:72) ~[hibernate-3.2.6.ga.jar:3.2.6.ga]
	at org.hibernate.event.def.AbstractSaveEventListener.performSaveOrReplicate(AbstractSaveEventListener.java:290) ~[hibernate-3.2.6.ga.jar:3.2.6.ga]
	at org.hibernate.event.def.AbstractSaveEventListener.performSave(AbstractSaveEventListener.java:181) ~[hibernate-3.2.6.ga.jar:3.2.6.ga]
	at org.hibernate.event.def.AbstractSaveEventListener.saveWithGeneratedId(AbstractSaveEventListener.java:121) ~[hibernate-3.2.6.ga.jar:3.2.6.ga]
	at org.hibernate.event.def.DefaultSaveOrUpdateEventListener.saveWithGeneratedOrRequestedId(DefaultSaveOrUpdateEventListener.java:187) ~[hibernate-3.2.6.ga.jar:3.2.6.ga]
	at org.hibernate.event.def.DefaultSaveEventListener.saveWithGeneratedOrRequestedId(DefaultSaveEventListener.java:33) ~[hibernate-3.2.6.ga.jar:3.2.6.ga]
	at org.hibernate.event.def.DefaultSaveOrUpdateEventListener.entityIsTransient(DefaultSaveOrUpdateEventListener.java:172) ~[hibernate-3.2.6.ga.jar:3.2.6.ga]
	at org.hibernate.event.def.DefaultSaveEventListener.performSaveOrUpdate(DefaultSaveEventListener.java:27) ~[hibernate-3.2.6.ga.jar:3.2.6.ga]
	at org.hibernate.event.def.DefaultSaveOrUpdateEventListener.onSaveOrUpdate(DefaultSaveOrUpdateEventListener.java:70) ~[hibernate-3.2.6.ga.jar:3.2.6.ga]
	at org.hibernate.impl.SessionImpl.fireSave(SessionImpl.java:535) ~[hibernate-3.2.6.ga.jar:3.2.6.ga]
	at org.hibernate.impl.SessionImpl.save(SessionImpl.java:523) ~[hibernate-3.2.6.ga.jar:3.2.6.ga]
	at org.hibernate.impl.SessionImpl.save(SessionImpl.java:519) ~[hibernate-3.2.6.ga.jar:3.2.6.ga]
	at org.springframework.orm.hibernate3.HibernateTemplate$12.doInHibernate(HibernateTemplate.java:697) ~[spring-2.5.6.jar:2.5.6]
	at org.springframework.orm.hibernate3.HibernateTemplate.doExecute(HibernateTemplate.java:419) ~[spring-2.5.6.jar:2.5.6]
	... 10 common frames omitted
2014-05-14 14:52:54,192 [main] ERROR  partnerIntg.App - UUID for the Job is : -1166075009305260781
2014-05-14 14:52:54,608 [main] ERROR  partnerIntg.App - Exception in main function
org.springframework.dao.DataIntegrityViolationException: not-null property references a null or transient value: partnerIntg.com.good.valueObjs.PurchaseOrderDetails.receiverId; nested exception is org.hibernate.PropertyValueException: not-null property references a null or transient value: partnerIntg.com.good.valueObjs.PurchaseOrderDetails.receiverId
	at org.springframework.orm.hibernate3.SessionFactoryUtils.convertHibernateAccessException(SessionFactoryUtils.java:645) ~[spring-2.5.6.jar:2.5.6]
	at org.springframework.orm.hibernate3.HibernateAccessor.convertHibernateAccessException(HibernateAccessor.java:412) ~[spring-2.5.6.jar:2.5.6]
	at org.springframework.orm.hibernate3.HibernateTemplate.doExecute(HibernateTemplate.java:424) ~[spring-2.5.6.jar:2.5.6]
	at org.springframework.orm.hibernate3.HibernateTemplate.executeWithNativeSession(HibernateTemplate.java:374) ~[spring-2.5.6.jar:2.5.6]
	at org.springframework.orm.hibernate3.HibernateTemplate.save(HibernateTemplate.java:694) ~[spring-2.5.6.jar:2.5.6]
	at partnerIntg.com.good.dao.PurchaseOrderDetailsDaoImpl.save(PurchaseOrderDetailsDaoImpl.java:20) ~[classes/:na]
	at partnerIntg.com.good.businessObjs.PurchaseOrderDetailsImpl.save(PurchaseOrderDetailsImpl.java:31) ~[classes/:na]
	at partnerIntg.App.main(App.java:114) ~[classes/:na]
	at sun.reflect.NativeMethodAccessorImpl.invoke0(Native Method) ~[na:1.7.0_51]
	at sun.reflect.NativeMethodAccessorImpl.invoke(NativeMethodAccessorImpl.java:57) ~[na:1.7.0_51]
	at sun.reflect.DelegatingMethodAccessorImpl.invoke(DelegatingMethodAccessorImpl.java:43) ~[na:1.7.0_51]
	at java.lang.reflect.Method.invoke(Method.java:606) ~[na:1.7.0_51]
	at com.intellij.rt.execution.application.AppMain.main(AppMain.java:120) [idea_rt.jar:na]
Caused by: org.hibernate.PropertyValueException: not-null property references a null or transient value: partnerIntg.com.good.valueObjs.PurchaseOrderDetails.receiverId
	at org.hibernate.engine.Nullability.checkNullability(Nullability.java:72) ~[hibernate-3.2.6.ga.jar:3.2.6.ga]
	at org.hibernate.event.def.AbstractSaveEventListener.performSaveOrReplicate(AbstractSaveEventListener.java:290) ~[hibernate-3.2.6.ga.jar:3.2.6.ga]
	at org.hibernate.event.def.AbstractSaveEventListener.performSave(AbstractSaveEventListener.java:181) ~[hibernate-3.2.6.ga.jar:3.2.6.ga]
	at org.hibernate.event.def.AbstractSaveEventListener.saveWithGeneratedId(AbstractSaveEventListener.java:121) ~[hibernate-3.2.6.ga.jar:3.2.6.ga]
	at org.hibernate.event.def.DefaultSaveOrUpdateEventListener.saveWithGeneratedOrRequestedId(DefaultSaveOrUpdateEventListener.java:187) ~[hibernate-3.2.6.ga.jar:3.2.6.ga]
	at org.hibernate.event.def.DefaultSaveEventListener.saveWithGeneratedOrRequestedId(DefaultSaveEventListener.java:33) ~[hibernate-3.2.6.ga.jar:3.2.6.ga]
	at org.hibernate.event.def.DefaultSaveOrUpdateEventListener.entityIsTransient(DefaultSaveOrUpdateEventListener.java:172) ~[hibernate-3.2.6.ga.jar:3.2.6.ga]
	at org.hibernate.event.def.DefaultSaveEventListener.performSaveOrUpdate(DefaultSaveEventListener.java:27) ~[hibernate-3.2.6.ga.jar:3.2.6.ga]
	at org.hibernate.event.def.DefaultSaveOrUpdateEventListener.onSaveOrUpdate(DefaultSaveOrUpdateEventListener.java:70) ~[hibernate-3.2.6.ga.jar:3.2.6.ga]
	at org.hibernate.impl.SessionImpl.fireSave(SessionImpl.java:535) ~[hibernate-3.2.6.ga.jar:3.2.6.ga]
	at org.hibernate.impl.SessionImpl.save(SessionImpl.java:523) ~[hibernate-3.2.6.ga.jar:3.2.6.ga]
	at org.hibernate.impl.SessionImpl.save(SessionImpl.java:519) ~[hibernate-3.2.6.ga.jar:3.2.6.ga]
	at org.springframework.orm.hibernate3.HibernateTemplate$12.doInHibernate(HibernateTemplate.java:697) ~[spring-2.5.6.jar:2.5.6]
	at org.springframework.orm.hibernate3.HibernateTemplate.doExecute(HibernateTemplate.java:419) ~[spring-2.5.6.jar:2.5.6]
	... 10 common frames omitted
2014-05-14 14:53:43,450 [main] ERROR  partnerIntg.App - UUID for the Job is : 5003875024458827121
2014-05-14 14:58:00,201 [main] ERROR  partnerIntg.App - UUID for the Job is : 579502422031812121
