2014-05-09 08:09:47,834 [main] ERROR  partnerIntg.App - UUID for the Job is : -3178213929307189604
2014-05-09 08:09:48,541 [main] ERROR  partnerIntg.App - Exception in main function
java.io.FileNotFoundException: c:\goodtech\batch\xmlIntg.properties (No such file or directory)
	at java.io.FileInputStream.open(Native Method) ~[na:1.7.0_51]
	at java.io.FileInputStream.<init>(FileInputStream.java:146) ~[na:1.7.0_51]
	at partnerIntg.App.main(App.java:87) ~[classes/:na]
	at sun.reflect.NativeMethodAccessorImpl.invoke0(Native Method) ~[na:1.7.0_51]
	at sun.reflect.NativeMethodAccessorImpl.invoke(NativeMethodAccessorImpl.java:57) ~[na:1.7.0_51]
	at sun.reflect.DelegatingMethodAccessorImpl.invoke(DelegatingMethodAccessorImpl.java:43) ~[na:1.7.0_51]
	at java.lang.reflect.Method.invoke(Method.java:606) ~[na:1.7.0_51]
	at com.intellij.rt.execution.application.AppMain.main(AppMain.java:120) [idea_rt.jar:na]
2014-05-09 08:11:33,909 [main] ERROR  partnerIntg.App - UUID for the Job is : 4430202534400708043
2014-05-09 08:11:34,594 [main] ERROR  partnerIntg.App - Exception in main function
java.io.FileNotFoundException: c:\goodtech\batch\xmlIntg.properties (No such file or directory)
	at java.io.FileInputStream.open(Native Method) ~[na:1.7.0_51]
	at java.io.FileInputStream.<init>(FileInputStream.java:146) ~[na:1.7.0_51]
	at partnerIntg.App.main(App.java:87) ~[classes/:na]
	at sun.reflect.NativeMethodAccessorImpl.invoke0(Native Method) ~[na:1.7.0_51]
	at sun.reflect.NativeMethodAccessorImpl.invoke(NativeMethodAccessorImpl.java:57) ~[na:1.7.0_51]
	at sun.reflect.DelegatingMethodAccessorImpl.invoke(DelegatingMethodAccessorImpl.java:43) ~[na:1.7.0_51]
	at java.lang.reflect.Method.invoke(Method.java:606) ~[na:1.7.0_51]
	at com.intellij.rt.execution.application.AppMain.main(AppMain.java:120) [idea_rt.jar:na]
