2014-01-13 00:24:21,111 [main] ERROR  partnerIntg.App - UUID for the Job is : 272362047593530862
2014-01-13 00:24:22,102 [main] ERROR  partnerIntg.App - Exception in main function
java.io.FileNotFoundException: c:\GoodTech\batch\xmlIntg.properties (No such file or directory)
	at java.io.FileInputStream.open(Native Method) ~[na:1.7.0_40]
	at java.io.FileInputStream.<init>(FileInputStream.java:146) ~[na:1.7.0_40]
	at partnerIntg.App.main(App.java:87) ~[classes/:na]
	at sun.reflect.NativeMethodAccessorImpl.invoke0(Native Method) ~[na:1.7.0_40]
	at sun.reflect.NativeMethodAccessorImpl.invoke(NativeMethodAccessorImpl.java:57) ~[na:1.7.0_40]
	at sun.reflect.DelegatingMethodAccessorImpl.invoke(DelegatingMethodAccessorImpl.java:43) ~[na:1.7.0_40]
	at java.lang.reflect.Method.invoke(Method.java:606) ~[na:1.7.0_40]
	at com.intellij.rt.execution.application.AppMain.main(AppMain.java:120) [idea_rt.jar:na]
2014-01-13 00:25:12,169 [main] ERROR  partnerIntg.App - UUID for the Job is : 922245028504816709
2014-01-13 00:25:13,060 [main] ERROR  partnerIntg.App - Exception in main function
java.lang.NullPointerException: null
	at partnerIntg.com.good.businessObjs.PurchaseOrderItemDetailsImpl.convertObject(PurchaseOrderItemDetailsImpl.java:65) ~[classes/:na]
	at partnerIntg.App.main(App.java:101) ~[classes/:na]
	at sun.reflect.NativeMethodAccessorImpl.invoke0(Native Method) ~[na:1.7.0_40]
	at sun.reflect.NativeMethodAccessorImpl.invoke(NativeMethodAccessorImpl.java:57) ~[na:1.7.0_40]
	at sun.reflect.DelegatingMethodAccessorImpl.invoke(DelegatingMethodAccessorImpl.java:43) ~[na:1.7.0_40]
	at java.lang.reflect.Method.invoke(Method.java:606) ~[na:1.7.0_40]
	at com.intellij.rt.execution.application.AppMain.main(AppMain.java:120) [idea_rt.jar:na]
2014-01-13 00:27:26,394 [main] ERROR  partnerIntg.App - UUID for the Job is : -8644667911252521993
