2013-12-16 07:09:04,196 [main] ERROR  partnerIntg.App - UUID for the Job is : -7313236490414374094
2013-12-16 07:09:07,369 [main] ERROR  partnerIntg.App - Exception in main function
org.springframework.dao.DataIntegrityViolationException: Could not execute JDBC batch update; nested exception is org.hibernate.exception.ConstraintViolationException: Could not execute JDBC batch update
	at org.springframework.orm.hibernate3.SessionFactoryUtils.convertHibernateAccessException(SessionFactoryUtils.java:636) ~[spring-2.5.6.jar:2.5.6]
	at org.springframework.orm.hibernate3.HibernateAccessor.convertHibernateAccessException(HibernateAccessor.java:412) ~[spring-2.5.6.jar:2.5.6]
	at org.springframework.orm.hibernate3.HibernateTemplate.doExecute(HibernateTemplate.java:424) ~[spring-2.5.6.jar:2.5.6]
	at org.springframework.orm.hibernate3.HibernateTemplate.executeWithNativeSession(HibernateTemplate.java:374) ~[spring-2.5.6.jar:2.5.6]
	at org.springframework.orm.hibernate3.HibernateTemplate.save(HibernateTemplate.java:694) ~[spring-2.5.6.jar:2.5.6]
	at partnerIntg.com.good.dao.PurchaseOrderItemDetailsDaoImpl.save(PurchaseOrderItemDetailsDaoImpl.java:19) ~[classes/:na]
	at partnerIntg.com.good.businessObjs.PurchaseOrderItemDetailsImpl.save(PurchaseOrderItemDetailsImpl.java:33) ~[classes/:na]
	at partnerIntg.App.main(App.java:117) ~[classes/:na]
	at sun.reflect.NativeMethodAccessorImpl.invoke0(Native Method) ~[na:1.7.0_40]
	at sun.reflect.NativeMethodAccessorImpl.invoke(NativeMethodAccessorImpl.java:57) ~[na:1.7.0_40]
	at sun.reflect.DelegatingMethodAccessorImpl.invoke(DelegatingMethodAccessorImpl.java:43) ~[na:1.7.0_40]
	at java.lang.reflect.Method.invoke(Method.java:606) ~[na:1.7.0_40]
	at com.intellij.rt.execution.application.AppMain.main(AppMain.java:120) [idea_rt.jar:na]
Caused by: org.hibernate.exception.ConstraintViolationException: Could not execute JDBC batch update
	at org.hibernate.exception.SQLStateConverter.convert(SQLStateConverter.java:71) ~[hibernate-3.2.6.ga.jar:3.2.6.ga]
	at org.hibernate.exception.JDBCExceptionHelper.convert(JDBCExceptionHelper.java:43) ~[hibernate-3.2.6.ga.jar:3.2.6.ga]
	at org.hibernate.jdbc.AbstractBatcher.executeBatch(AbstractBatcher.java:253) ~[hibernate-3.2.6.ga.jar:3.2.6.ga]
	at org.hibernate.engine.ActionQueue.executeActions(ActionQueue.java:266) ~[hibernate-3.2.6.ga.jar:3.2.6.ga]
	at org.hibernate.engine.ActionQueue.executeActions(ActionQueue.java:167) ~[hibernate-3.2.6.ga.jar:3.2.6.ga]
	at org.hibernate.event.def.AbstractFlushingEventListener.performExecutions(AbstractFlushingEventListener.java:298) ~[hibernate-3.2.6.ga.jar:3.2.6.ga]
	at org.hibernate.event.def.DefaultFlushEventListener.onFlush(DefaultFlushEventListener.java:27) ~[hibernate-3.2.6.ga.jar:3.2.6.ga]
	at org.hibernate.impl.SessionImpl.flush(SessionImpl.java:1000) ~[hibernate-3.2.6.ga.jar:3.2.6.ga]
	at org.springframework.orm.hibernate3.HibernateAccessor.flushIfNecessary(HibernateAccessor.java:390) ~[spring-2.5.6.jar:2.5.6]
	at org.springframework.orm.hibernate3.HibernateTemplate.doExecute(HibernateTemplate.java:420) ~[spring-2.5.6.jar:2.5.6]
	... 10 common frames omitted
Caused by: java.sql.BatchUpdateException: ORA-01400: cannot insert NULL into ("GOODTECH"."PO_ITEM_DETAILS"."PO_ITEM_DETAILS_ID")

	at oracle.jdbc.driver.OraclePreparedStatement.executeBatch(OraclePreparedStatement.java:10070) ~[ojdbc6-2.0.jar:11.2.0.1.0]
	at oracle.jdbc.driver.OracleStatementWrapper.executeBatch(OracleStatementWrapper.java:213) ~[ojdbc6-2.0.jar:11.2.0.1.0]
	at org.hibernate.jdbc.BatchingBatcher.doExecuteBatch(BatchingBatcher.java:48) ~[hibernate-3.2.6.ga.jar:3.2.6.ga]
	at org.hibernate.jdbc.AbstractBatcher.executeBatch(AbstractBatcher.java:246) ~[hibernate-3.2.6.ga.jar:3.2.6.ga]
	... 17 common frames omitted
2013-12-16 12:10:50,667 [main] ERROR  partnerIntg.App - UUID for the Job is : 3827537426220666348
2013-12-16 12:11:08,594 [main] ERROR  partnerIntg.App - UUID for the Job is : -4315060307666973473
2013-12-16 12:15:10,437 [main] ERROR  partnerIntg.App - UUID for the Job is : -6240301616206231049
2013-12-16 12:15:28,447 [main] ERROR  partnerIntg.App - UUID for the Job is : 7292022399831328663
2013-12-16 12:15:28,928 [main] ERROR  partnerIntg.App - Error in XML validation
org.xml.sax.SAXParseException: cvc-complex-type.2.4.a: Invalid content was found starting with element 'distributorId'. One of '{paymentTerms}' is expected.
	at com.sun.org.apache.xerces.internal.util.ErrorHandlerWrapper.createSAXParseException(ErrorHandlerWrapper.java:198) ~[na:1.7.0_40]
	at com.sun.org.apache.xerces.internal.util.ErrorHandlerWrapper.error(ErrorHandlerWrapper.java:134) ~[na:1.7.0_40]
	at com.sun.org.apache.xerces.internal.impl.XMLErrorReporter.reportError(XMLErrorReporter.java:437) ~[na:1.7.0_40]
	at com.sun.org.apache.xerces.internal.impl.XMLErrorReporter.reportError(XMLErrorReporter.java:368) ~[na:1.7.0_40]
	at com.sun.org.apache.xerces.internal.impl.XMLErrorReporter.reportError(XMLErrorReporter.java:325) ~[na:1.7.0_40]
	at com.sun.org.apache.xerces.internal.impl.xs.XMLSchemaValidator$XSIErrorReporter.reportError(XMLSchemaValidator.java:458) ~[na:1.7.0_40]
	at com.sun.org.apache.xerces.internal.impl.xs.XMLSchemaValidator.reportSchemaError(XMLSchemaValidator.java:3237) ~[na:1.7.0_40]
	at com.sun.org.apache.xerces.internal.impl.xs.XMLSchemaValidator.handleStartElement(XMLSchemaValidator.java:1796) ~[na:1.7.0_40]
	at com.sun.org.apache.xerces.internal.impl.xs.XMLSchemaValidator.startElement(XMLSchemaValidator.java:746) ~[na:1.7.0_40]
	at com.sun.org.apache.xerces.internal.impl.XMLNSDocumentScannerImpl.scanStartElement(XMLNSDocumentScannerImpl.java:376) ~[na:1.7.0_40]
	at com.sun.org.apache.xerces.internal.impl.XMLDocumentFragmentScannerImpl$FragmentContentDriver.next(XMLDocumentFragmentScannerImpl.java:2768) ~[na:1.7.0_40]
	at com.sun.org.apache.xerces.internal.impl.XMLDocumentScannerImpl.next(XMLDocumentScannerImpl.java:606) ~[na:1.7.0_40]
	at com.sun.org.apache.xerces.internal.impl.XMLNSDocumentScannerImpl.next(XMLNSDocumentScannerImpl.java:116) ~[na:1.7.0_40]
	at com.sun.org.apache.xerces.internal.impl.XMLDocumentFragmentScannerImpl.scanDocument(XMLDocumentFragmentScannerImpl.java:511) ~[na:1.7.0_40]
	at com.sun.org.apache.xerces.internal.parsers.XML11Configuration.parse(XML11Configuration.java:846) ~[na:1.7.0_40]
	at com.sun.org.apache.xerces.internal.parsers.XML11Configuration.parse(XML11Configuration.java:775) ~[na:1.7.0_40]
	at com.sun.org.apache.xerces.internal.jaxp.validation.StreamValidatorHelper.validate(StreamValidatorHelper.java:151) ~[na:1.7.0_40]
	at com.sun.org.apache.xerces.internal.jaxp.validation.ValidatorImpl.validate(ValidatorImpl.java:116) ~[na:1.7.0_40]
	at javax.xml.validation.Validator.validate(Validator.java:124) ~[na:1.7.0_40]
	at partnerIntg.App.validateAgainstXSD(App.java:52) [classes/:na]
	at partnerIntg.App.main(App.java:94) [classes/:na]
	at sun.reflect.NativeMethodAccessorImpl.invoke0(Native Method) ~[na:1.7.0_40]
	at sun.reflect.NativeMethodAccessorImpl.invoke(NativeMethodAccessorImpl.java:57) ~[na:1.7.0_40]
	at sun.reflect.DelegatingMethodAccessorImpl.invoke(DelegatingMethodAccessorImpl.java:43) ~[na:1.7.0_40]
	at java.lang.reflect.Method.invoke(Method.java:606) ~[na:1.7.0_40]
	at com.intellij.rt.execution.application.AppMain.main(AppMain.java:120) [idea_rt.jar:na]
2013-12-16 12:17:09,312 [main] ERROR  partnerIntg.App - UUID for the Job is : -717522494154780710
2013-12-16 16:13:39,344 [main] ERROR  partnerIntg.App - UUID for the Job is : -1771955225947255306
2013-12-16 16:16:19,447 [main] ERROR  partnerIntg.App - UUID for the Job is : -1008789149153407895
2013-12-16 16:17:01,754 [main] ERROR  partnerIntg.App - UUID for the Job is : -4421298761258810570
2013-12-16 16:17:02,619 [main] ERROR  partnerIntg.App - Exception in main function
org.springframework.dao.DataIntegrityViolationException: Could not execute JDBC batch update; nested exception is org.hibernate.exception.ConstraintViolationException: Could not execute JDBC batch update
	at org.springframework.orm.hibernate3.SessionFactoryUtils.convertHibernateAccessException(SessionFactoryUtils.java:636) ~[spring-2.5.6.jar:2.5.6]
	at org.springframework.orm.hibernate3.HibernateAccessor.convertHibernateAccessException(HibernateAccessor.java:412) ~[spring-2.5.6.jar:2.5.6]
	at org.springframework.orm.hibernate3.HibernateTemplate.doExecute(HibernateTemplate.java:424) ~[spring-2.5.6.jar:2.5.6]
	at org.springframework.orm.hibernate3.HibernateTemplate.executeWithNativeSession(HibernateTemplate.java:374) ~[spring-2.5.6.jar:2.5.6]
	at org.springframework.orm.hibernate3.HibernateTemplate.save(HibernateTemplate.java:694) ~[spring-2.5.6.jar:2.5.6]
	at partnerIntg.com.good.dao.PurchaseOrderItemDetailsDaoImpl.save(PurchaseOrderItemDetailsDaoImpl.java:19) ~[classes/:na]
	at partnerIntg.com.good.businessObjs.PurchaseOrderItemDetailsImpl.save(PurchaseOrderItemDetailsImpl.java:33) ~[classes/:na]
	at partnerIntg.App.main(App.java:117) ~[classes/:na]
	at sun.reflect.NativeMethodAccessorImpl.invoke0(Native Method) ~[na:1.7.0_40]
	at sun.reflect.NativeMethodAccessorImpl.invoke(NativeMethodAccessorImpl.java:57) ~[na:1.7.0_40]
	at sun.reflect.DelegatingMethodAccessorImpl.invoke(DelegatingMethodAccessorImpl.java:43) ~[na:1.7.0_40]
	at java.lang.reflect.Method.invoke(Method.java:606) ~[na:1.7.0_40]
	at com.intellij.rt.execution.application.AppMain.main(AppMain.java:120) [idea_rt.jar:na]
Caused by: org.hibernate.exception.ConstraintViolationException: Could not execute JDBC batch update
	at org.hibernate.exception.SQLStateConverter.convert(SQLStateConverter.java:71) ~[hibernate-3.2.6.ga.jar:3.2.6.ga]
	at org.hibernate.exception.JDBCExceptionHelper.convert(JDBCExceptionHelper.java:43) ~[hibernate-3.2.6.ga.jar:3.2.6.ga]
	at org.hibernate.jdbc.AbstractBatcher.executeBatch(AbstractBatcher.java:253) ~[hibernate-3.2.6.ga.jar:3.2.6.ga]
	at org.hibernate.engine.ActionQueue.executeActions(ActionQueue.java:266) ~[hibernate-3.2.6.ga.jar:3.2.6.ga]
	at org.hibernate.engine.ActionQueue.executeActions(ActionQueue.java:167) ~[hibernate-3.2.6.ga.jar:3.2.6.ga]
	at org.hibernate.event.def.AbstractFlushingEventListener.performExecutions(AbstractFlushingEventListener.java:298) ~[hibernate-3.2.6.ga.jar:3.2.6.ga]
	at org.hibernate.event.def.DefaultFlushEventListener.onFlush(DefaultFlushEventListener.java:27) ~[hibernate-3.2.6.ga.jar:3.2.6.ga]
	at org.hibernate.impl.SessionImpl.flush(SessionImpl.java:1000) ~[hibernate-3.2.6.ga.jar:3.2.6.ga]
	at org.springframework.orm.hibernate3.HibernateAccessor.flushIfNecessary(HibernateAccessor.java:390) ~[spring-2.5.6.jar:2.5.6]
	at org.springframework.orm.hibernate3.HibernateTemplate.doExecute(HibernateTemplate.java:420) ~[spring-2.5.6.jar:2.5.6]
	... 10 common frames omitted
Caused by: java.sql.BatchUpdateException: ORA-01400: cannot insert NULL into ("GOODTECH"."PO_ITEM_DETAILS"."PO_ITEM_DETAILS_ID")

	at oracle.jdbc.driver.OraclePreparedStatement.executeBatch(OraclePreparedStatement.java:10500) ~[ojdbc6-3.0.jar:11.2.0.3.0]
	at oracle.jdbc.driver.OracleStatementWrapper.executeBatch(OracleStatementWrapper.java:230) ~[ojdbc6-3.0.jar:11.2.0.3.0]
	at org.hibernate.jdbc.BatchingBatcher.doExecuteBatch(BatchingBatcher.java:48) ~[hibernate-3.2.6.ga.jar:3.2.6.ga]
	at org.hibernate.jdbc.AbstractBatcher.executeBatch(AbstractBatcher.java:246) ~[hibernate-3.2.6.ga.jar:3.2.6.ga]
	... 17 common frames omitted
2013-12-16 16:20:57,205 [main] ERROR  partnerIntg.App - UUID for the Job is : 3213206667344430503
2013-12-16 16:20:58,112 [main] ERROR  partnerIntg.App - Exception in main function
org.springframework.dao.DataIntegrityViolationException: Could not execute JDBC batch update; nested exception is org.hibernate.exception.ConstraintViolationException: Could not execute JDBC batch update
	at org.springframework.orm.hibernate3.SessionFactoryUtils.convertHibernateAccessException(SessionFactoryUtils.java:636) ~[spring-2.5.6.jar:2.5.6]
	at org.springframework.orm.hibernate3.HibernateAccessor.convertHibernateAccessException(HibernateAccessor.java:412) ~[spring-2.5.6.jar:2.5.6]
	at org.springframework.orm.hibernate3.HibernateTemplate.doExecute(HibernateTemplate.java:424) ~[spring-2.5.6.jar:2.5.6]
	at org.springframework.orm.hibernate3.HibernateTemplate.executeWithNativeSession(HibernateTemplate.java:374) ~[spring-2.5.6.jar:2.5.6]
	at org.springframework.orm.hibernate3.HibernateTemplate.save(HibernateTemplate.java:694) ~[spring-2.5.6.jar:2.5.6]
	at partnerIntg.com.good.dao.PurchaseOrderItemDetailsDaoImpl.save(PurchaseOrderItemDetailsDaoImpl.java:19) ~[classes/:na]
	at partnerIntg.com.good.businessObjs.PurchaseOrderItemDetailsImpl.save(PurchaseOrderItemDetailsImpl.java:33) ~[classes/:na]
	at partnerIntg.App.main(App.java:117) ~[classes/:na]
	at sun.reflect.NativeMethodAccessorImpl.invoke0(Native Method) ~[na:1.7.0_40]
	at sun.reflect.NativeMethodAccessorImpl.invoke(NativeMethodAccessorImpl.java:57) ~[na:1.7.0_40]
	at sun.reflect.DelegatingMethodAccessorImpl.invoke(DelegatingMethodAccessorImpl.java:43) ~[na:1.7.0_40]
	at java.lang.reflect.Method.invoke(Method.java:606) ~[na:1.7.0_40]
	at com.intellij.rt.execution.application.AppMain.main(AppMain.java:120) [idea_rt.jar:na]
Caused by: org.hibernate.exception.ConstraintViolationException: Could not execute JDBC batch update
	at org.hibernate.exception.SQLStateConverter.convert(SQLStateConverter.java:71) ~[hibernate-3.2.6.ga.jar:3.2.6.ga]
	at org.hibernate.exception.JDBCExceptionHelper.convert(JDBCExceptionHelper.java:43) ~[hibernate-3.2.6.ga.jar:3.2.6.ga]
	at org.hibernate.jdbc.AbstractBatcher.executeBatch(AbstractBatcher.java:253) ~[hibernate-3.2.6.ga.jar:3.2.6.ga]
	at org.hibernate.engine.ActionQueue.executeActions(ActionQueue.java:266) ~[hibernate-3.2.6.ga.jar:3.2.6.ga]
	at org.hibernate.engine.ActionQueue.executeActions(ActionQueue.java:167) ~[hibernate-3.2.6.ga.jar:3.2.6.ga]
	at org.hibernate.event.def.AbstractFlushingEventListener.performExecutions(AbstractFlushingEventListener.java:298) ~[hibernate-3.2.6.ga.jar:3.2.6.ga]
	at org.hibernate.event.def.DefaultFlushEventListener.onFlush(DefaultFlushEventListener.java:27) ~[hibernate-3.2.6.ga.jar:3.2.6.ga]
	at org.hibernate.impl.SessionImpl.flush(SessionImpl.java:1000) ~[hibernate-3.2.6.ga.jar:3.2.6.ga]
	at org.springframework.orm.hibernate3.HibernateAccessor.flushIfNecessary(HibernateAccessor.java:390) ~[spring-2.5.6.jar:2.5.6]
	at org.springframework.orm.hibernate3.HibernateTemplate.doExecute(HibernateTemplate.java:420) ~[spring-2.5.6.jar:2.5.6]
	... 10 common frames omitted
Caused by: java.sql.BatchUpdateException: ORA-01400: cannot insert NULL into ("GOODTECH"."PO_ITEM_DETAILS"."PO_ITEM_DETAILS_ID")

	at oracle.jdbc.driver.OraclePreparedStatement.executeBatch(OraclePreparedStatement.java:10500) ~[ojdbc6-3.0.jar:11.2.0.3.0]
	at oracle.jdbc.driver.OracleStatementWrapper.executeBatch(OracleStatementWrapper.java:230) ~[ojdbc6-3.0.jar:11.2.0.3.0]
	at org.hibernate.jdbc.BatchingBatcher.doExecuteBatch(BatchingBatcher.java:48) ~[hibernate-3.2.6.ga.jar:3.2.6.ga]
	at org.hibernate.jdbc.AbstractBatcher.executeBatch(AbstractBatcher.java:246) ~[hibernate-3.2.6.ga.jar:3.2.6.ga]
	... 17 common frames omitted
2013-12-16 16:24:50,987 [main] ERROR  partnerIntg.App - UUID for the Job is : -7150955094343725587
2013-12-16 16:25:11,016 [main] ERROR  partnerIntg.App - UUID for the Job is : -8036255598982639819
2013-12-16 16:25:11,789 [main] ERROR  partnerIntg.App - Exception in main function
org.springframework.dao.DataIntegrityViolationException: Could not execute JDBC batch update; nested exception is org.hibernate.exception.ConstraintViolationException: Could not execute JDBC batch update
	at org.springframework.orm.hibernate3.SessionFactoryUtils.convertHibernateAccessException(SessionFactoryUtils.java:636) ~[spring-2.5.6.jar:2.5.6]
	at org.springframework.orm.hibernate3.HibernateAccessor.convertHibernateAccessException(HibernateAccessor.java:412) ~[spring-2.5.6.jar:2.5.6]
	at org.springframework.orm.hibernate3.HibernateTemplate.doExecute(HibernateTemplate.java:424) ~[spring-2.5.6.jar:2.5.6]
	at org.springframework.orm.hibernate3.HibernateTemplate.executeWithNativeSession(HibernateTemplate.java:374) ~[spring-2.5.6.jar:2.5.6]
	at org.springframework.orm.hibernate3.HibernateTemplate.save(HibernateTemplate.java:694) ~[spring-2.5.6.jar:2.5.6]
	at partnerIntg.com.good.dao.PurchaseOrderItemDetailsDaoImpl.save(PurchaseOrderItemDetailsDaoImpl.java:19) ~[classes/:na]
	at partnerIntg.com.good.businessObjs.PurchaseOrderItemDetailsImpl.save(PurchaseOrderItemDetailsImpl.java:33) ~[classes/:na]
	at partnerIntg.App.main(App.java:117) ~[classes/:na]
	at sun.reflect.NativeMethodAccessorImpl.invoke0(Native Method) ~[na:1.7.0_40]
	at sun.reflect.NativeMethodAccessorImpl.invoke(NativeMethodAccessorImpl.java:57) ~[na:1.7.0_40]
	at sun.reflect.DelegatingMethodAccessorImpl.invoke(DelegatingMethodAccessorImpl.java:43) ~[na:1.7.0_40]
	at java.lang.reflect.Method.invoke(Method.java:606) ~[na:1.7.0_40]
	at com.intellij.rt.execution.application.AppMain.main(AppMain.java:120) [idea_rt.jar:na]
Caused by: org.hibernate.exception.ConstraintViolationException: Could not execute JDBC batch update
	at org.hibernate.exception.SQLStateConverter.convert(SQLStateConverter.java:71) ~[hibernate-3.2.6.ga.jar:3.2.6.ga]
	at org.hibernate.exception.JDBCExceptionHelper.convert(JDBCExceptionHelper.java:43) ~[hibernate-3.2.6.ga.jar:3.2.6.ga]
	at org.hibernate.jdbc.AbstractBatcher.executeBatch(AbstractBatcher.java:253) ~[hibernate-3.2.6.ga.jar:3.2.6.ga]
	at org.hibernate.engine.ActionQueue.executeActions(ActionQueue.java:266) ~[hibernate-3.2.6.ga.jar:3.2.6.ga]
	at org.hibernate.engine.ActionQueue.executeActions(ActionQueue.java:167) ~[hibernate-3.2.6.ga.jar:3.2.6.ga]
	at org.hibernate.event.def.AbstractFlushingEventListener.performExecutions(AbstractFlushingEventListener.java:298) ~[hibernate-3.2.6.ga.jar:3.2.6.ga]
	at org.hibernate.event.def.DefaultFlushEventListener.onFlush(DefaultFlushEventListener.java:27) ~[hibernate-3.2.6.ga.jar:3.2.6.ga]
	at org.hibernate.impl.SessionImpl.flush(SessionImpl.java:1000) ~[hibernate-3.2.6.ga.jar:3.2.6.ga]
	at org.springframework.orm.hibernate3.HibernateAccessor.flushIfNecessary(HibernateAccessor.java:390) ~[spring-2.5.6.jar:2.5.6]
	at org.springframework.orm.hibernate3.HibernateTemplate.doExecute(HibernateTemplate.java:420) ~[spring-2.5.6.jar:2.5.6]
	... 10 common frames omitted
Caused by: java.sql.BatchUpdateException: ORA-01400: cannot insert NULL into ("GOODTECH"."PO_ITEM_DETAILS"."PO_ITEM_DETAILS_ID")

	at oracle.jdbc.driver.OraclePreparedStatement.executeBatch(OraclePreparedStatement.java:10500) ~[ojdbc6-3.0.jar:11.2.0.3.0]
	at oracle.jdbc.driver.OracleStatementWrapper.executeBatch(OracleStatementWrapper.java:230) ~[ojdbc6-3.0.jar:11.2.0.3.0]
	at org.hibernate.jdbc.BatchingBatcher.doExecuteBatch(BatchingBatcher.java:48) ~[hibernate-3.2.6.ga.jar:3.2.6.ga]
	at org.hibernate.jdbc.AbstractBatcher.executeBatch(AbstractBatcher.java:246) ~[hibernate-3.2.6.ga.jar:3.2.6.ga]
	... 17 common frames omitted
2013-12-16 16:28:39,984 [main] ERROR  partnerIntg.App - UUID for the Job is : 5563155280349052930
2013-12-16 16:28:40,986 [main] ERROR  partnerIntg.App - Exception in main function
org.springframework.dao.DataIntegrityViolationException: Could not execute JDBC batch update; nested exception is org.hibernate.exception.ConstraintViolationException: Could not execute JDBC batch update
	at org.springframework.orm.hibernate3.SessionFactoryUtils.convertHibernateAccessException(SessionFactoryUtils.java:636) ~[spring-2.5.6.jar:2.5.6]
	at org.springframework.orm.hibernate3.HibernateAccessor.convertHibernateAccessException(HibernateAccessor.java:412) ~[spring-2.5.6.jar:2.5.6]
	at org.springframework.orm.hibernate3.HibernateTemplate.doExecute(HibernateTemplate.java:424) ~[spring-2.5.6.jar:2.5.6]
	at org.springframework.orm.hibernate3.HibernateTemplate.executeWithNativeSession(HibernateTemplate.java:374) ~[spring-2.5.6.jar:2.5.6]
	at org.springframework.orm.hibernate3.HibernateTemplate.save(HibernateTemplate.java:694) ~[spring-2.5.6.jar:2.5.6]
	at partnerIntg.com.good.dao.PurchaseOrderItemDetailsDaoImpl.save(PurchaseOrderItemDetailsDaoImpl.java:19) ~[classes/:na]
	at partnerIntg.com.good.businessObjs.PurchaseOrderItemDetailsImpl.save(PurchaseOrderItemDetailsImpl.java:33) ~[classes/:na]
	at partnerIntg.App.main(App.java:117) ~[classes/:na]
	at sun.reflect.NativeMethodAccessorImpl.invoke0(Native Method) ~[na:1.7.0_40]
	at sun.reflect.NativeMethodAccessorImpl.invoke(NativeMethodAccessorImpl.java:57) ~[na:1.7.0_40]
	at sun.reflect.DelegatingMethodAccessorImpl.invoke(DelegatingMethodAccessorImpl.java:43) ~[na:1.7.0_40]
	at java.lang.reflect.Method.invoke(Method.java:606) ~[na:1.7.0_40]
	at com.intellij.rt.execution.application.AppMain.main(AppMain.java:120) [idea_rt.jar:na]
Caused by: org.hibernate.exception.ConstraintViolationException: Could not execute JDBC batch update
	at org.hibernate.exception.SQLStateConverter.convert(SQLStateConverter.java:71) ~[hibernate-3.2.6.ga.jar:3.2.6.ga]
	at org.hibernate.exception.JDBCExceptionHelper.convert(JDBCExceptionHelper.java:43) ~[hibernate-3.2.6.ga.jar:3.2.6.ga]
	at org.hibernate.jdbc.AbstractBatcher.executeBatch(AbstractBatcher.java:253) ~[hibernate-3.2.6.ga.jar:3.2.6.ga]
	at org.hibernate.engine.ActionQueue.executeActions(ActionQueue.java:266) ~[hibernate-3.2.6.ga.jar:3.2.6.ga]
	at org.hibernate.engine.ActionQueue.executeActions(ActionQueue.java:167) ~[hibernate-3.2.6.ga.jar:3.2.6.ga]
	at org.hibernate.event.def.AbstractFlushingEventListener.performExecutions(AbstractFlushingEventListener.java:298) ~[hibernate-3.2.6.ga.jar:3.2.6.ga]
	at org.hibernate.event.def.DefaultFlushEventListener.onFlush(DefaultFlushEventListener.java:27) ~[hibernate-3.2.6.ga.jar:3.2.6.ga]
	at org.hibernate.impl.SessionImpl.flush(SessionImpl.java:1000) ~[hibernate-3.2.6.ga.jar:3.2.6.ga]
	at org.springframework.orm.hibernate3.HibernateAccessor.flushIfNecessary(HibernateAccessor.java:390) ~[spring-2.5.6.jar:2.5.6]
	at org.springframework.orm.hibernate3.HibernateTemplate.doExecute(HibernateTemplate.java:420) ~[spring-2.5.6.jar:2.5.6]
	... 10 common frames omitted
Caused by: java.sql.BatchUpdateException: ORA-01400: cannot insert NULL into ("GOODTECH"."PO_ITEM_DETAILS"."PO_ITEM_DETAILS_ID")

	at oracle.jdbc.driver.OraclePreparedStatement.executeBatch(OraclePreparedStatement.java:17952) ~[ojdbc6-4.0.jar:11.2.0.3.0]
	at oracle.jdbc.driver.OracleStatementWrapper.executeBatch(OracleStatementWrapper.java:785) ~[ojdbc6-4.0.jar:11.2.0.3.0]
	at org.hibernate.jdbc.BatchingBatcher.doExecuteBatch(BatchingBatcher.java:48) ~[hibernate-3.2.6.ga.jar:3.2.6.ga]
	at org.hibernate.jdbc.AbstractBatcher.executeBatch(AbstractBatcher.java:246) ~[hibernate-3.2.6.ga.jar:3.2.6.ga]
	... 17 common frames omitted
2013-12-16 16:30:45,673 [main] ERROR  partnerIntg.App - UUID for the Job is : -8471324437981542639
2013-12-16 16:30:46,460 [main] ERROR  partnerIntg.App - Exception in main function
org.springframework.dao.DataIntegrityViolationException: Could not execute JDBC batch update; nested exception is org.hibernate.exception.ConstraintViolationException: Could not execute JDBC batch update
	at org.springframework.orm.hibernate3.SessionFactoryUtils.convertHibernateAccessException(SessionFactoryUtils.java:636) ~[spring-2.5.6.jar:2.5.6]
	at org.springframework.orm.hibernate3.HibernateAccessor.convertHibernateAccessException(HibernateAccessor.java:412) ~[spring-2.5.6.jar:2.5.6]
	at org.springframework.orm.hibernate3.HibernateTemplate.doExecute(HibernateTemplate.java:424) ~[spring-2.5.6.jar:2.5.6]
	at org.springframework.orm.hibernate3.HibernateTemplate.executeWithNativeSession(HibernateTemplate.java:374) ~[spring-2.5.6.jar:2.5.6]
	at org.springframework.orm.hibernate3.HibernateTemplate.save(HibernateTemplate.java:694) ~[spring-2.5.6.jar:2.5.6]
	at partnerIntg.com.good.dao.PurchaseOrderItemDetailsDaoImpl.save(PurchaseOrderItemDetailsDaoImpl.java:19) ~[classes/:na]
	at partnerIntg.com.good.businessObjs.PurchaseOrderItemDetailsImpl.save(PurchaseOrderItemDetailsImpl.java:33) ~[classes/:na]
	at partnerIntg.App.main(App.java:117) ~[classes/:na]
	at sun.reflect.NativeMethodAccessorImpl.invoke0(Native Method) ~[na:1.7.0_40]
	at sun.reflect.NativeMethodAccessorImpl.invoke(NativeMethodAccessorImpl.java:57) ~[na:1.7.0_40]
	at sun.reflect.DelegatingMethodAccessorImpl.invoke(DelegatingMethodAccessorImpl.java:43) ~[na:1.7.0_40]
	at java.lang.reflect.Method.invoke(Method.java:606) ~[na:1.7.0_40]
	at com.intellij.rt.execution.application.AppMain.main(AppMain.java:120) [idea_rt.jar:na]
Caused by: org.hibernate.exception.ConstraintViolationException: Could not execute JDBC batch update
	at org.hibernate.exception.SQLStateConverter.convert(SQLStateConverter.java:71) ~[hibernate-3.2.6.ga.jar:3.2.6.ga]
	at org.hibernate.exception.JDBCExceptionHelper.convert(JDBCExceptionHelper.java:43) ~[hibernate-3.2.6.ga.jar:3.2.6.ga]
	at org.hibernate.jdbc.AbstractBatcher.executeBatch(AbstractBatcher.java:253) ~[hibernate-3.2.6.ga.jar:3.2.6.ga]
	at org.hibernate.engine.ActionQueue.executeActions(ActionQueue.java:266) ~[hibernate-3.2.6.ga.jar:3.2.6.ga]
	at org.hibernate.engine.ActionQueue.executeActions(ActionQueue.java:167) ~[hibernate-3.2.6.ga.jar:3.2.6.ga]
	at org.hibernate.event.def.AbstractFlushingEventListener.performExecutions(AbstractFlushingEventListener.java:298) ~[hibernate-3.2.6.ga.jar:3.2.6.ga]
	at org.hibernate.event.def.DefaultFlushEventListener.onFlush(DefaultFlushEventListener.java:27) ~[hibernate-3.2.6.ga.jar:3.2.6.ga]
	at org.hibernate.impl.SessionImpl.flush(SessionImpl.java:1000) ~[hibernate-3.2.6.ga.jar:3.2.6.ga]
	at org.springframework.orm.hibernate3.HibernateAccessor.flushIfNecessary(HibernateAccessor.java:390) ~[spring-2.5.6.jar:2.5.6]
	at org.springframework.orm.hibernate3.HibernateTemplate.doExecute(HibernateTemplate.java:420) ~[spring-2.5.6.jar:2.5.6]
	... 10 common frames omitted
Caused by: java.sql.BatchUpdateException: ORA-01400: cannot insert NULL into ("GOODTECH"."PO_ITEM_DETAILS"."PO_ITEM_DETAILS_ID")

	at oracle.jdbc.driver.OraclePreparedStatement.executeBatch(OraclePreparedStatement.java:10345) ~[ojdbc6-5.0.jar:11.2.0.3.0]
	at oracle.jdbc.driver.OracleStatementWrapper.executeBatch(OracleStatementWrapper.java:230) ~[ojdbc6-5.0.jar:11.2.0.3.0]
	at org.hibernate.jdbc.BatchingBatcher.doExecuteBatch(BatchingBatcher.java:48) ~[hibernate-3.2.6.ga.jar:3.2.6.ga]
	at org.hibernate.jdbc.AbstractBatcher.executeBatch(AbstractBatcher.java:246) ~[hibernate-3.2.6.ga.jar:3.2.6.ga]
	... 17 common frames omitted
2013-12-16 16:31:45,380 [main] ERROR  partnerIntg.App - UUID for the Job is : -2822038951383315302
2013-12-16 16:31:46,162 [main] ERROR  partnerIntg.App - Exception in main function
org.springframework.dao.DataIntegrityViolationException: Could not execute JDBC batch update; nested exception is org.hibernate.exception.ConstraintViolationException: Could not execute JDBC batch update
	at org.springframework.orm.hibernate3.SessionFactoryUtils.convertHibernateAccessException(SessionFactoryUtils.java:636) ~[spring-2.5.6.jar:2.5.6]
	at org.springframework.orm.hibernate3.HibernateAccessor.convertHibernateAccessException(HibernateAccessor.java:412) ~[spring-2.5.6.jar:2.5.6]
	at org.springframework.orm.hibernate3.HibernateTemplate.doExecute(HibernateTemplate.java:424) ~[spring-2.5.6.jar:2.5.6]
	at org.springframework.orm.hibernate3.HibernateTemplate.executeWithNativeSession(HibernateTemplate.java:374) ~[spring-2.5.6.jar:2.5.6]
	at org.springframework.orm.hibernate3.HibernateTemplate.save(HibernateTemplate.java:694) ~[spring-2.5.6.jar:2.5.6]
	at partnerIntg.com.good.dao.PurchaseOrderItemDetailsDaoImpl.save(PurchaseOrderItemDetailsDaoImpl.java:19) ~[classes/:na]
	at partnerIntg.com.good.businessObjs.PurchaseOrderItemDetailsImpl.save(PurchaseOrderItemDetailsImpl.java:33) ~[classes/:na]
	at partnerIntg.App.main(App.java:117) ~[classes/:na]
	at sun.reflect.NativeMethodAccessorImpl.invoke0(Native Method) ~[na:1.7.0_40]
	at sun.reflect.NativeMethodAccessorImpl.invoke(NativeMethodAccessorImpl.java:57) ~[na:1.7.0_40]
	at sun.reflect.DelegatingMethodAccessorImpl.invoke(DelegatingMethodAccessorImpl.java:43) ~[na:1.7.0_40]
	at java.lang.reflect.Method.invoke(Method.java:606) ~[na:1.7.0_40]
	at com.intellij.rt.execution.application.AppMain.main(AppMain.java:120) [idea_rt.jar:na]
Caused by: org.hibernate.exception.ConstraintViolationException: Could not execute JDBC batch update
	at org.hibernate.exception.SQLStateConverter.convert(SQLStateConverter.java:71) ~[hibernate-3.2.6.ga.jar:3.2.6.ga]
	at org.hibernate.exception.JDBCExceptionHelper.convert(JDBCExceptionHelper.java:43) ~[hibernate-3.2.6.ga.jar:3.2.6.ga]
	at org.hibernate.jdbc.AbstractBatcher.executeBatch(AbstractBatcher.java:253) ~[hibernate-3.2.6.ga.jar:3.2.6.ga]
	at org.hibernate.engine.ActionQueue.executeActions(ActionQueue.java:266) ~[hibernate-3.2.6.ga.jar:3.2.6.ga]
	at org.hibernate.engine.ActionQueue.executeActions(ActionQueue.java:167) ~[hibernate-3.2.6.ga.jar:3.2.6.ga]
	at org.hibernate.event.def.AbstractFlushingEventListener.performExecutions(AbstractFlushingEventListener.java:298) ~[hibernate-3.2.6.ga.jar:3.2.6.ga]
	at org.hibernate.event.def.DefaultFlushEventListener.onFlush(DefaultFlushEventListener.java:27) ~[hibernate-3.2.6.ga.jar:3.2.6.ga]
	at org.hibernate.impl.SessionImpl.flush(SessionImpl.java:1000) ~[hibernate-3.2.6.ga.jar:3.2.6.ga]
	at org.springframework.orm.hibernate3.HibernateAccessor.flushIfNecessary(HibernateAccessor.java:390) ~[spring-2.5.6.jar:2.5.6]
	at org.springframework.orm.hibernate3.HibernateTemplate.doExecute(HibernateTemplate.java:420) ~[spring-2.5.6.jar:2.5.6]
	... 10 common frames omitted
Caused by: java.sql.BatchUpdateException: ORA-01400: cannot insert NULL into ("GOODTECH"."PO_ITEM_DETAILS"."PO_ITEM_DETAILS_ID")

	at oracle.jdbc.driver.OraclePreparedStatement.executeBatch(OraclePreparedStatement.java:10296) ~[ojdbc6-6.0.jar:11.2.0.2.0]
	at oracle.jdbc.driver.OracleStatementWrapper.executeBatch(OracleStatementWrapper.java:216) ~[ojdbc6-6.0.jar:11.2.0.2.0]
	at org.hibernate.jdbc.BatchingBatcher.doExecuteBatch(BatchingBatcher.java:48) ~[hibernate-3.2.6.ga.jar:3.2.6.ga]
	at org.hibernate.jdbc.AbstractBatcher.executeBatch(AbstractBatcher.java:246) ~[hibernate-3.2.6.ga.jar:3.2.6.ga]
	... 17 common frames omitted
2013-12-16 16:32:38,622 [main] ERROR  partnerIntg.App - UUID for the Job is : 775522613920026256
2013-12-16 16:32:39,500 [main] ERROR  partnerIntg.App - Exception in main function
org.springframework.dao.DataIntegrityViolationException: Could not execute JDBC batch update; nested exception is org.hibernate.exception.ConstraintViolationException: Could not execute JDBC batch update
	at org.springframework.orm.hibernate3.SessionFactoryUtils.convertHibernateAccessException(SessionFactoryUtils.java:636) ~[spring-2.5.6.jar:2.5.6]
	at org.springframework.orm.hibernate3.HibernateAccessor.convertHibernateAccessException(HibernateAccessor.java:412) ~[spring-2.5.6.jar:2.5.6]
	at org.springframework.orm.hibernate3.HibernateTemplate.doExecute(HibernateTemplate.java:424) ~[spring-2.5.6.jar:2.5.6]
	at org.springframework.orm.hibernate3.HibernateTemplate.executeWithNativeSession(HibernateTemplate.java:374) ~[spring-2.5.6.jar:2.5.6]
	at org.springframework.orm.hibernate3.HibernateTemplate.save(HibernateTemplate.java:694) ~[spring-2.5.6.jar:2.5.6]
	at partnerIntg.com.good.dao.PurchaseOrderItemDetailsDaoImpl.save(PurchaseOrderItemDetailsDaoImpl.java:19) ~[classes/:na]
	at partnerIntg.com.good.businessObjs.PurchaseOrderItemDetailsImpl.save(PurchaseOrderItemDetailsImpl.java:33) ~[classes/:na]
	at partnerIntg.App.main(App.java:117) ~[classes/:na]
	at sun.reflect.NativeMethodAccessorImpl.invoke0(Native Method) ~[na:1.7.0_40]
	at sun.reflect.NativeMethodAccessorImpl.invoke(NativeMethodAccessorImpl.java:57) ~[na:1.7.0_40]
	at sun.reflect.DelegatingMethodAccessorImpl.invoke(DelegatingMethodAccessorImpl.java:43) ~[na:1.7.0_40]
	at java.lang.reflect.Method.invoke(Method.java:606) ~[na:1.7.0_40]
	at com.intellij.rt.execution.application.AppMain.main(AppMain.java:120) [idea_rt.jar:na]
Caused by: org.hibernate.exception.ConstraintViolationException: Could not execute JDBC batch update
	at org.hibernate.exception.SQLStateConverter.convert(SQLStateConverter.java:71) ~[hibernate-3.2.6.ga.jar:3.2.6.ga]
	at org.hibernate.exception.JDBCExceptionHelper.convert(JDBCExceptionHelper.java:43) ~[hibernate-3.2.6.ga.jar:3.2.6.ga]
	at org.hibernate.jdbc.AbstractBatcher.executeBatch(AbstractBatcher.java:253) ~[hibernate-3.2.6.ga.jar:3.2.6.ga]
	at org.hibernate.engine.ActionQueue.executeActions(ActionQueue.java:266) ~[hibernate-3.2.6.ga.jar:3.2.6.ga]
	at org.hibernate.engine.ActionQueue.executeActions(ActionQueue.java:167) ~[hibernate-3.2.6.ga.jar:3.2.6.ga]
	at org.hibernate.event.def.AbstractFlushingEventListener.performExecutions(AbstractFlushingEventListener.java:298) ~[hibernate-3.2.6.ga.jar:3.2.6.ga]
	at org.hibernate.event.def.DefaultFlushEventListener.onFlush(DefaultFlushEventListener.java:27) ~[hibernate-3.2.6.ga.jar:3.2.6.ga]
	at org.hibernate.impl.SessionImpl.flush(SessionImpl.java:1000) ~[hibernate-3.2.6.ga.jar:3.2.6.ga]
	at org.springframework.orm.hibernate3.HibernateAccessor.flushIfNecessary(HibernateAccessor.java:390) ~[spring-2.5.6.jar:2.5.6]
	at org.springframework.orm.hibernate3.HibernateTemplate.doExecute(HibernateTemplate.java:420) ~[spring-2.5.6.jar:2.5.6]
	... 10 common frames omitted
Caused by: java.sql.BatchUpdateException: ORA-01400: cannot insert NULL into ("GOODTECH"."PO_ITEM_DETAILS"."PO_ITEM_DETAILS_ID")

	at oracle.jdbc.driver.OraclePreparedStatement.executeBatch(OraclePreparedStatement.java:10070) ~[ojdbc6-7.0.jar:11.2.0.1.0]
	at oracle.jdbc.driver.OracleStatementWrapper.executeBatch(OracleStatementWrapper.java:213) ~[ojdbc6-7.0.jar:11.2.0.1.0]
	at org.hibernate.jdbc.BatchingBatcher.doExecuteBatch(BatchingBatcher.java:48) ~[hibernate-3.2.6.ga.jar:3.2.6.ga]
	at org.hibernate.jdbc.AbstractBatcher.executeBatch(AbstractBatcher.java:246) ~[hibernate-3.2.6.ga.jar:3.2.6.ga]
	... 17 common frames omitted
2013-12-16 16:34:26,790 [main] ERROR  partnerIntg.App - UUID for the Job is : 7564685634535378842
2013-12-16 16:34:27,775 [main] ERROR  partnerIntg.App - Exception in main function
org.springframework.dao.DataIntegrityViolationException: Could not execute JDBC batch update; nested exception is org.hibernate.exception.ConstraintViolationException: Could not execute JDBC batch update
	at org.springframework.orm.hibernate3.SessionFactoryUtils.convertHibernateAccessException(SessionFactoryUtils.java:636) ~[spring-2.5.6.jar:2.5.6]
	at org.springframework.orm.hibernate3.HibernateAccessor.convertHibernateAccessException(HibernateAccessor.java:412) ~[spring-2.5.6.jar:2.5.6]
	at org.springframework.orm.hibernate3.HibernateTemplate.doExecute(HibernateTemplate.java:424) ~[spring-2.5.6.jar:2.5.6]
	at org.springframework.orm.hibernate3.HibernateTemplate.executeWithNativeSession(HibernateTemplate.java:374) ~[spring-2.5.6.jar:2.5.6]
	at org.springframework.orm.hibernate3.HibernateTemplate.save(HibernateTemplate.java:694) ~[spring-2.5.6.jar:2.5.6]
	at partnerIntg.com.good.dao.PurchaseOrderItemDetailsDaoImpl.save(PurchaseOrderItemDetailsDaoImpl.java:19) ~[classes/:na]
	at partnerIntg.com.good.businessObjs.PurchaseOrderItemDetailsImpl.save(PurchaseOrderItemDetailsImpl.java:33) ~[classes/:na]
	at partnerIntg.App.main(App.java:117) ~[classes/:na]
	at sun.reflect.NativeMethodAccessorImpl.invoke0(Native Method) ~[na:1.7.0_40]
	at sun.reflect.NativeMethodAccessorImpl.invoke(NativeMethodAccessorImpl.java:57) ~[na:1.7.0_40]
	at sun.reflect.DelegatingMethodAccessorImpl.invoke(DelegatingMethodAccessorImpl.java:43) ~[na:1.7.0_40]
	at java.lang.reflect.Method.invoke(Method.java:606) ~[na:1.7.0_40]
	at com.intellij.rt.execution.application.AppMain.main(AppMain.java:120) [idea_rt.jar:na]
Caused by: org.hibernate.exception.ConstraintViolationException: Could not execute JDBC batch update
	at org.hibernate.exception.SQLStateConverter.convert(SQLStateConverter.java:71) ~[hibernate-3.2.6.ga.jar:3.2.6.ga]
	at org.hibernate.exception.JDBCExceptionHelper.convert(JDBCExceptionHelper.java:43) ~[hibernate-3.2.6.ga.jar:3.2.6.ga]
	at org.hibernate.jdbc.AbstractBatcher.executeBatch(AbstractBatcher.java:253) ~[hibernate-3.2.6.ga.jar:3.2.6.ga]
	at org.hibernate.engine.ActionQueue.executeActions(ActionQueue.java:266) ~[hibernate-3.2.6.ga.jar:3.2.6.ga]
	at org.hibernate.engine.ActionQueue.executeActions(ActionQueue.java:167) ~[hibernate-3.2.6.ga.jar:3.2.6.ga]
	at org.hibernate.event.def.AbstractFlushingEventListener.performExecutions(AbstractFlushingEventListener.java:298) ~[hibernate-3.2.6.ga.jar:3.2.6.ga]
	at org.hibernate.event.def.DefaultFlushEventListener.onFlush(DefaultFlushEventListener.java:27) ~[hibernate-3.2.6.ga.jar:3.2.6.ga]
	at org.hibernate.impl.SessionImpl.flush(SessionImpl.java:1000) ~[hibernate-3.2.6.ga.jar:3.2.6.ga]
	at org.springframework.orm.hibernate3.HibernateAccessor.flushIfNecessary(HibernateAccessor.java:390) ~[spring-2.5.6.jar:2.5.6]
	at org.springframework.orm.hibernate3.HibernateTemplate.doExecute(HibernateTemplate.java:420) ~[spring-2.5.6.jar:2.5.6]
	... 10 common frames omitted
Caused by: java.sql.BatchUpdateException: ORA-01400: cannot insert NULL into ("GOODTECH"."PO_ITEM_DETAILS"."PO_ITEM_DETAILS_ID")

	at oracle.jdbc.driver.OraclePreparedStatement.executeBatch(OraclePreparedStatement.java:10070) ~[ojdbc6-7.0.jar:11.2.0.1.0]
	at oracle.jdbc.driver.OracleStatementWrapper.executeBatch(OracleStatementWrapper.java:213) ~[ojdbc6-7.0.jar:11.2.0.1.0]
	at org.hibernate.jdbc.BatchingBatcher.doExecuteBatch(BatchingBatcher.java:48) ~[hibernate-3.2.6.ga.jar:3.2.6.ga]
	at org.hibernate.jdbc.AbstractBatcher.executeBatch(AbstractBatcher.java:246) ~[hibernate-3.2.6.ga.jar:3.2.6.ga]
	... 17 common frames omitted
2013-12-16 16:35:37,942 [main] ERROR  partnerIntg.App - UUID for the Job is : 5900637661950461524
2013-12-16 16:35:38,887 [main] ERROR  partnerIntg.App - Exception in main function
org.springframework.dao.DataIntegrityViolationException: Could not execute JDBC batch update; nested exception is org.hibernate.exception.ConstraintViolationException: Could not execute JDBC batch update
	at org.springframework.orm.hibernate3.SessionFactoryUtils.convertHibernateAccessException(SessionFactoryUtils.java:636) ~[spring-2.5.6.jar:2.5.6]
	at org.springframework.orm.hibernate3.HibernateAccessor.convertHibernateAccessException(HibernateAccessor.java:412) ~[spring-2.5.6.jar:2.5.6]
	at org.springframework.orm.hibernate3.HibernateTemplate.doExecute(HibernateTemplate.java:424) ~[spring-2.5.6.jar:2.5.6]
	at org.springframework.orm.hibernate3.HibernateTemplate.executeWithNativeSession(HibernateTemplate.java:374) ~[spring-2.5.6.jar:2.5.6]
	at org.springframework.orm.hibernate3.HibernateTemplate.save(HibernateTemplate.java:694) ~[spring-2.5.6.jar:2.5.6]
	at partnerIntg.com.good.dao.PurchaseOrderItemDetailsDaoImpl.save(PurchaseOrderItemDetailsDaoImpl.java:19) ~[classes/:na]
	at partnerIntg.com.good.businessObjs.PurchaseOrderItemDetailsImpl.save(PurchaseOrderItemDetailsImpl.java:33) ~[classes/:na]
	at partnerIntg.App.main(App.java:117) ~[classes/:na]
	at sun.reflect.NativeMethodAccessorImpl.invoke0(Native Method) ~[na:1.7.0_40]
	at sun.reflect.NativeMethodAccessorImpl.invoke(NativeMethodAccessorImpl.java:57) ~[na:1.7.0_40]
	at sun.reflect.DelegatingMethodAccessorImpl.invoke(DelegatingMethodAccessorImpl.java:43) ~[na:1.7.0_40]
	at java.lang.reflect.Method.invoke(Method.java:606) ~[na:1.7.0_40]
	at com.intellij.rt.execution.application.AppMain.main(AppMain.java:120) [idea_rt.jar:na]
Caused by: org.hibernate.exception.ConstraintViolationException: Could not execute JDBC batch update
	at org.hibernate.exception.SQLStateConverter.convert(SQLStateConverter.java:71) ~[hibernate-3.2.6.ga.jar:3.2.6.ga]
	at org.hibernate.exception.JDBCExceptionHelper.convert(JDBCExceptionHelper.java:43) ~[hibernate-3.2.6.ga.jar:3.2.6.ga]
	at org.hibernate.jdbc.AbstractBatcher.executeBatch(AbstractBatcher.java:253) ~[hibernate-3.2.6.ga.jar:3.2.6.ga]
	at org.hibernate.engine.ActionQueue.executeActions(ActionQueue.java:266) ~[hibernate-3.2.6.ga.jar:3.2.6.ga]
	at org.hibernate.engine.ActionQueue.executeActions(ActionQueue.java:167) ~[hibernate-3.2.6.ga.jar:3.2.6.ga]
	at org.hibernate.event.def.AbstractFlushingEventListener.performExecutions(AbstractFlushingEventListener.java:298) ~[hibernate-3.2.6.ga.jar:3.2.6.ga]
	at org.hibernate.event.def.DefaultFlushEventListener.onFlush(DefaultFlushEventListener.java:27) ~[hibernate-3.2.6.ga.jar:3.2.6.ga]
	at org.hibernate.impl.SessionImpl.flush(SessionImpl.java:1000) ~[hibernate-3.2.6.ga.jar:3.2.6.ga]
	at org.springframework.orm.hibernate3.HibernateAccessor.flushIfNecessary(HibernateAccessor.java:390) ~[spring-2.5.6.jar:2.5.6]
	at org.springframework.orm.hibernate3.HibernateTemplate.doExecute(HibernateTemplate.java:420) ~[spring-2.5.6.jar:2.5.6]
	... 10 common frames omitted
Caused by: java.sql.BatchUpdateException: ORA-01400: cannot insert NULL into ("GOODTECH"."PO_ITEM_DETAILS"."PO_ITEM_DETAILS_ID")

	at oracle.jdbc.driver.OraclePreparedStatement.executeBatch(OraclePreparedStatement.java:10070) ~[ojdbc6-7.0.jar:11.2.0.1.0]
	at oracle.jdbc.driver.OracleStatementWrapper.executeBatch(OracleStatementWrapper.java:213) ~[ojdbc6-7.0.jar:11.2.0.1.0]
	at org.hibernate.jdbc.BatchingBatcher.doExecuteBatch(BatchingBatcher.java:48) ~[hibernate-3.2.6.ga.jar:3.2.6.ga]
	at org.hibernate.jdbc.AbstractBatcher.executeBatch(AbstractBatcher.java:246) ~[hibernate-3.2.6.ga.jar:3.2.6.ga]
	... 17 common frames omitted
2013-12-16 16:37:12,218 [main] ERROR  partnerIntg.App - UUID for the Job is : -1191820290351939219
2013-12-16 16:37:13,081 [main] ERROR  partnerIntg.App - Exception in main function
org.springframework.dao.DataIntegrityViolationException: Could not execute JDBC batch update; nested exception is org.hibernate.exception.ConstraintViolationException: Could not execute JDBC batch update
	at org.springframework.orm.hibernate3.SessionFactoryUtils.convertHibernateAccessException(SessionFactoryUtils.java:636) ~[spring-2.5.6.jar:2.5.6]
	at org.springframework.orm.hibernate3.HibernateAccessor.convertHibernateAccessException(HibernateAccessor.java:412) ~[spring-2.5.6.jar:2.5.6]
	at org.springframework.orm.hibernate3.HibernateTemplate.doExecute(HibernateTemplate.java:424) ~[spring-2.5.6.jar:2.5.6]
	at org.springframework.orm.hibernate3.HibernateTemplate.executeWithNativeSession(HibernateTemplate.java:374) ~[spring-2.5.6.jar:2.5.6]
	at org.springframework.orm.hibernate3.HibernateTemplate.save(HibernateTemplate.java:694) ~[spring-2.5.6.jar:2.5.6]
	at partnerIntg.com.good.dao.PurchaseOrderItemDetailsDaoImpl.save(PurchaseOrderItemDetailsDaoImpl.java:19) ~[classes/:na]
	at partnerIntg.com.good.businessObjs.PurchaseOrderItemDetailsImpl.save(PurchaseOrderItemDetailsImpl.java:33) ~[classes/:na]
	at partnerIntg.App.main(App.java:117) ~[classes/:na]
	at sun.reflect.NativeMethodAccessorImpl.invoke0(Native Method) ~[na:1.7.0_40]
	at sun.reflect.NativeMethodAccessorImpl.invoke(NativeMethodAccessorImpl.java:57) ~[na:1.7.0_40]
	at sun.reflect.DelegatingMethodAccessorImpl.invoke(DelegatingMethodAccessorImpl.java:43) ~[na:1.7.0_40]
	at java.lang.reflect.Method.invoke(Method.java:606) ~[na:1.7.0_40]
	at com.intellij.rt.execution.application.AppMain.main(AppMain.java:120) [idea_rt.jar:na]
Caused by: org.hibernate.exception.ConstraintViolationException: Could not execute JDBC batch update
	at org.hibernate.exception.SQLStateConverter.convert(SQLStateConverter.java:71) ~[hibernate-3.2.6.ga.jar:3.2.6.ga]
	at org.hibernate.exception.JDBCExceptionHelper.convert(JDBCExceptionHelper.java:43) ~[hibernate-3.2.6.ga.jar:3.2.6.ga]
	at org.hibernate.jdbc.AbstractBatcher.executeBatch(AbstractBatcher.java:253) ~[hibernate-3.2.6.ga.jar:3.2.6.ga]
	at org.hibernate.engine.ActionQueue.executeActions(ActionQueue.java:266) ~[hibernate-3.2.6.ga.jar:3.2.6.ga]
	at org.hibernate.engine.ActionQueue.executeActions(ActionQueue.java:167) ~[hibernate-3.2.6.ga.jar:3.2.6.ga]
	at org.hibernate.event.def.AbstractFlushingEventListener.performExecutions(AbstractFlushingEventListener.java:298) ~[hibernate-3.2.6.ga.jar:3.2.6.ga]
	at org.hibernate.event.def.DefaultFlushEventListener.onFlush(DefaultFlushEventListener.java:27) ~[hibernate-3.2.6.ga.jar:3.2.6.ga]
	at org.hibernate.impl.SessionImpl.flush(SessionImpl.java:1000) ~[hibernate-3.2.6.ga.jar:3.2.6.ga]
	at org.springframework.orm.hibernate3.HibernateAccessor.flushIfNecessary(HibernateAccessor.java:390) ~[spring-2.5.6.jar:2.5.6]
	at org.springframework.orm.hibernate3.HibernateTemplate.doExecute(HibernateTemplate.java:420) ~[spring-2.5.6.jar:2.5.6]
	... 10 common frames omitted
Caused by: java.sql.BatchUpdateException: ORA-01400: cannot insert NULL into ("GOODTECH"."PO_ITEM_DETAILS"."PO_ITEM_DETAILS_ID")

	at oracle.jdbc.driver.OraclePreparedStatement.executeBatch(OraclePreparedStatement.java:10070) ~[ojdbc6-7.0.jar:11.2.0.1.0]
	at oracle.jdbc.driver.OracleStatementWrapper.executeBatch(OracleStatementWrapper.java:213) ~[ojdbc6-7.0.jar:11.2.0.1.0]
	at org.hibernate.jdbc.BatchingBatcher.doExecuteBatch(BatchingBatcher.java:48) ~[hibernate-3.2.6.ga.jar:3.2.6.ga]
	at org.hibernate.jdbc.AbstractBatcher.executeBatch(AbstractBatcher.java:246) ~[hibernate-3.2.6.ga.jar:3.2.6.ga]
	... 17 common frames omitted
2013-12-16 16:44:49,760 [main] ERROR  partnerIntg.App - UUID for the Job is : 6668009742358037236
2013-12-16 16:44:50,632 [main] ERROR  partnerIntg.App - Exception in main function
org.springframework.dao.DataIntegrityViolationException: Could not execute JDBC batch update; nested exception is org.hibernate.exception.ConstraintViolationException: Could not execute JDBC batch update
	at org.springframework.orm.hibernate3.SessionFactoryUtils.convertHibernateAccessException(SessionFactoryUtils.java:636) ~[spring-2.5.6.jar:2.5.6]
	at org.springframework.orm.hibernate3.HibernateAccessor.convertHibernateAccessException(HibernateAccessor.java:412) ~[spring-2.5.6.jar:2.5.6]
	at org.springframework.orm.hibernate3.HibernateTemplate.doExecute(HibernateTemplate.java:424) ~[spring-2.5.6.jar:2.5.6]
	at org.springframework.orm.hibernate3.HibernateTemplate.executeWithNativeSession(HibernateTemplate.java:374) ~[spring-2.5.6.jar:2.5.6]
	at org.springframework.orm.hibernate3.HibernateTemplate.save(HibernateTemplate.java:694) ~[spring-2.5.6.jar:2.5.6]
	at partnerIntg.com.good.dao.PurchaseOrderItemDetailsDaoImpl.save(PurchaseOrderItemDetailsDaoImpl.java:19) ~[classes/:na]
	at partnerIntg.com.good.businessObjs.PurchaseOrderItemDetailsImpl.save(PurchaseOrderItemDetailsImpl.java:33) ~[classes/:na]
	at partnerIntg.App.main(App.java:117) ~[classes/:na]
	at sun.reflect.NativeMethodAccessorImpl.invoke0(Native Method) ~[na:1.7.0_40]
	at sun.reflect.NativeMethodAccessorImpl.invoke(NativeMethodAccessorImpl.java:57) ~[na:1.7.0_40]
	at sun.reflect.DelegatingMethodAccessorImpl.invoke(DelegatingMethodAccessorImpl.java:43) ~[na:1.7.0_40]
	at java.lang.reflect.Method.invoke(Method.java:606) ~[na:1.7.0_40]
	at com.intellij.rt.execution.application.AppMain.main(AppMain.java:120) [idea_rt.jar:na]
Caused by: org.hibernate.exception.ConstraintViolationException: Could not execute JDBC batch update
	at org.hibernate.exception.SQLStateConverter.convert(SQLStateConverter.java:71) ~[hibernate-3.2.6.ga.jar:3.2.6.ga]
	at org.hibernate.exception.JDBCExceptionHelper.convert(JDBCExceptionHelper.java:43) ~[hibernate-3.2.6.ga.jar:3.2.6.ga]
	at org.hibernate.jdbc.AbstractBatcher.executeBatch(AbstractBatcher.java:253) ~[hibernate-3.2.6.ga.jar:3.2.6.ga]
	at org.hibernate.engine.ActionQueue.executeActions(ActionQueue.java:266) ~[hibernate-3.2.6.ga.jar:3.2.6.ga]
	at org.hibernate.engine.ActionQueue.executeActions(ActionQueue.java:167) ~[hibernate-3.2.6.ga.jar:3.2.6.ga]
	at org.hibernate.event.def.AbstractFlushingEventListener.performExecutions(AbstractFlushingEventListener.java:298) ~[hibernate-3.2.6.ga.jar:3.2.6.ga]
	at org.hibernate.event.def.DefaultFlushEventListener.onFlush(DefaultFlushEventListener.java:27) ~[hibernate-3.2.6.ga.jar:3.2.6.ga]
	at org.hibernate.impl.SessionImpl.flush(SessionImpl.java:1000) ~[hibernate-3.2.6.ga.jar:3.2.6.ga]
	at org.springframework.orm.hibernate3.HibernateAccessor.flushIfNecessary(HibernateAccessor.java:390) ~[spring-2.5.6.jar:2.5.6]
	at org.springframework.orm.hibernate3.HibernateTemplate.doExecute(HibernateTemplate.java:420) ~[spring-2.5.6.jar:2.5.6]
	... 10 common frames omitted
Caused by: java.sql.BatchUpdateException: ORA-01400: cannot insert NULL into ("GOODTECH"."PO_ITEM_DETAILS"."PO_ITEM_DETAILS_ID")

	at oracle.jdbc.driver.OraclePreparedStatement.executeBatch(OraclePreparedStatement.java:10070) ~[ojdbc6-7.0.jar:11.2.0.1.0]
	at oracle.jdbc.driver.OracleStatementWrapper.executeBatch(OracleStatementWrapper.java:213) ~[ojdbc6-7.0.jar:11.2.0.1.0]
	at org.hibernate.jdbc.BatchingBatcher.doExecuteBatch(BatchingBatcher.java:48) ~[hibernate-3.2.6.ga.jar:3.2.6.ga]
	at org.hibernate.jdbc.AbstractBatcher.executeBatch(AbstractBatcher.java:246) ~[hibernate-3.2.6.ga.jar:3.2.6.ga]
	... 17 common frames omitted
2013-12-16 16:45:32,690 [main] ERROR  partnerIntg.App - UUID for the Job is : -6140192879303897187
2013-12-16 16:46:36,837 [main] ERROR  partnerIntg.App - UUID for the Job is : -1450254335682656412
