2013-12-20 15:01:05,005 [main] ERROR  partnerIntg.App - UUID for the Job is : -1254757832033940555
2013-12-20 15:01:06,265 [main] ERROR  partnerIntg.App - Exception in main function
java.io.FileNotFoundException: c:\GoodTech\batch\xmlIntg.properties (No such file or directory)
	at java.io.FileInputStream.open(Native Method) ~[na:1.7.0_40]
	at java.io.FileInputStream.<init>(FileInputStream.java:146) ~[na:1.7.0_40]
	at partnerIntg.App.main(App.java:87) ~[classes/:na]
	at sun.reflect.NativeMethodAccessorImpl.invoke0(Native Method) ~[na:1.7.0_40]
	at sun.reflect.NativeMethodAccessorImpl.invoke(NativeMethodAccessorImpl.java:57) ~[na:1.7.0_40]
	at sun.reflect.DelegatingMethodAccessorImpl.invoke(DelegatingMethodAccessorImpl.java:43) ~[na:1.7.0_40]
	at java.lang.reflect.Method.invoke(Method.java:606) ~[na:1.7.0_40]
	at com.intellij.rt.execution.application.AppMain.main(AppMain.java:120) [idea_rt.jar:na]
2013-12-20 15:01:54,443 [main] ERROR  partnerIntg.App - UUID for the Job is : 7208996139431052985
2013-12-20 15:01:55,021 [main] ERROR  partnerIntg.App - Exception in main function
java.io.FileNotFoundException: /Users/vianrotti/test_xsdpurchase_order_v7.xsd (No such file or directory)
	at java.io.FileInputStream.open(Native Method) ~[na:1.7.0_40]
	at java.io.FileInputStream.<init>(FileInputStream.java:146) ~[na:1.7.0_40]
	at java.io.FileInputStream.<init>(FileInputStream.java:101) ~[na:1.7.0_40]
	at partnerIntg.App.main(App.java:94) ~[classes/:na]
	at sun.reflect.NativeMethodAccessorImpl.invoke0(Native Method) ~[na:1.7.0_40]
	at sun.reflect.NativeMethodAccessorImpl.invoke(NativeMethodAccessorImpl.java:57) ~[na:1.7.0_40]
	at sun.reflect.DelegatingMethodAccessorImpl.invoke(DelegatingMethodAccessorImpl.java:43) ~[na:1.7.0_40]
	at java.lang.reflect.Method.invoke(Method.java:606) ~[na:1.7.0_40]
	at com.intellij.rt.execution.application.AppMain.main(AppMain.java:120) [idea_rt.jar:na]
2013-12-20 15:02:19,383 [main] ERROR  partnerIntg.App - UUID for the Job is : -992758516470494173
2013-12-20 15:02:20,802 [main] ERROR  partnerIntg.App - Exception in main function
org.springframework.dao.DataIntegrityViolationException: not-null property references a null or transient value: partnerIntg.com.good.valueObjs.PurchaseOrderCustomerDetails.street; nested exception is org.hibernate.PropertyValueException: not-null property references a null or transient value: partnerIntg.com.good.valueObjs.PurchaseOrderCustomerDetails.street
	at org.springframework.orm.hibernate3.SessionFactoryUtils.convertHibernateAccessException(SessionFactoryUtils.java:645) ~[spring-2.5.6.jar:2.5.6]
	at org.springframework.orm.hibernate3.HibernateAccessor.convertHibernateAccessException(HibernateAccessor.java:412) ~[spring-2.5.6.jar:2.5.6]
	at org.springframework.orm.hibernate3.HibernateTemplate.doExecute(HibernateTemplate.java:424) ~[spring-2.5.6.jar:2.5.6]
	at org.springframework.orm.hibernate3.HibernateTemplate.executeWithNativeSession(HibernateTemplate.java:374) ~[spring-2.5.6.jar:2.5.6]
	at org.springframework.orm.hibernate3.HibernateTemplate.save(HibernateTemplate.java:694) ~[spring-2.5.6.jar:2.5.6]
	at partnerIntg.com.good.dao.PurchaseOrderCustomerDetailsDaoImpl.save(PurchaseOrderCustomerDetailsDaoImpl.java:18) ~[classes/:na]
	at partnerIntg.com.good.businessObjs.PurchaseOrderCustomerDetailsImpl.save(PurchaseOrderCustomerDetailsImpl.java:26) ~[classes/:na]
	at partnerIntg.App.main(App.java:112) ~[classes/:na]
	at sun.reflect.NativeMethodAccessorImpl.invoke0(Native Method) ~[na:1.7.0_40]
	at sun.reflect.NativeMethodAccessorImpl.invoke(NativeMethodAccessorImpl.java:57) ~[na:1.7.0_40]
	at sun.reflect.DelegatingMethodAccessorImpl.invoke(DelegatingMethodAccessorImpl.java:43) ~[na:1.7.0_40]
	at java.lang.reflect.Method.invoke(Method.java:606) ~[na:1.7.0_40]
	at com.intellij.rt.execution.application.AppMain.main(AppMain.java:120) [idea_rt.jar:na]
Caused by: org.hibernate.PropertyValueException: not-null property references a null or transient value: partnerIntg.com.good.valueObjs.PurchaseOrderCustomerDetails.street
	at org.hibernate.engine.Nullability.checkNullability(Nullability.java:72) ~[hibernate-3.2.6.ga.jar:3.2.6.ga]
	at org.hibernate.event.def.AbstractSaveEventListener.performSaveOrReplicate(AbstractSaveEventListener.java:290) ~[hibernate-3.2.6.ga.jar:3.2.6.ga]
	at org.hibernate.event.def.AbstractSaveEventListener.performSave(AbstractSaveEventListener.java:181) ~[hibernate-3.2.6.ga.jar:3.2.6.ga]
	at org.hibernate.event.def.AbstractSaveEventListener.saveWithGeneratedId(AbstractSaveEventListener.java:121) ~[hibernate-3.2.6.ga.jar:3.2.6.ga]
	at org.hibernate.event.def.DefaultSaveOrUpdateEventListener.saveWithGeneratedOrRequestedId(DefaultSaveOrUpdateEventListener.java:187) ~[hibernate-3.2.6.ga.jar:3.2.6.ga]
	at org.hibernate.event.def.DefaultSaveEventListener.saveWithGeneratedOrRequestedId(DefaultSaveEventListener.java:33) ~[hibernate-3.2.6.ga.jar:3.2.6.ga]
	at org.hibernate.event.def.DefaultSaveOrUpdateEventListener.entityIsTransient(DefaultSaveOrUpdateEventListener.java:172) ~[hibernate-3.2.6.ga.jar:3.2.6.ga]
	at org.hibernate.event.def.DefaultSaveEventListener.performSaveOrUpdate(DefaultSaveEventListener.java:27) ~[hibernate-3.2.6.ga.jar:3.2.6.ga]
	at org.hibernate.event.def.DefaultSaveOrUpdateEventListener.onSaveOrUpdate(DefaultSaveOrUpdateEventListener.java:70) ~[hibernate-3.2.6.ga.jar:3.2.6.ga]
	at org.hibernate.impl.SessionImpl.fireSave(SessionImpl.java:535) ~[hibernate-3.2.6.ga.jar:3.2.6.ga]
	at org.hibernate.impl.SessionImpl.save(SessionImpl.java:523) ~[hibernate-3.2.6.ga.jar:3.2.6.ga]
	at org.hibernate.impl.SessionImpl.save(SessionImpl.java:519) ~[hibernate-3.2.6.ga.jar:3.2.6.ga]
	at org.springframework.orm.hibernate3.HibernateTemplate$12.doInHibernate(HibernateTemplate.java:697) ~[spring-2.5.6.jar:2.5.6]
	at org.springframework.orm.hibernate3.HibernateTemplate.doExecute(HibernateTemplate.java:419) ~[spring-2.5.6.jar:2.5.6]
	... 10 common frames omitted
2013-12-20 15:10:09,846 [main] ERROR  partnerIntg.App - UUID for the Job is : 7559931418163760771
